{"numTotalTestSuites":14,"numPassedTestSuites":14,"numFailedTestSuites":0,"numPendingTestSuites":0,"numTotalTests":32,"numPassedTests":26,"numFailedTests":6,"numPendingTests":0,"numTodoTests":0,"startTime":1781016048105,"success":false,"testResults":[{"assertionResults":[{"ancestorTitles":["","E2E: Game Core Flow (Init + Chat + Save)","GET /api/v1/health"],"fullName":" E2E: Game Core Flow (Init + Chat + Save) GET /api/v1/health returns status ok","status":"passed","title":"returns status ok","duration":167,"failureMessages":[]},{"ancestorTitles":["","E2E: Game Core Flow (Init + Chat + Save)","POST /api/v1/game 鈥?Initialize"],"fullName":" E2E: Game Core Flow (Init + Chat + Save) POST /api/v1/game 鈥?Initialize missing templateId returns 400","status":"passed","title":"missing templateId returns 400","duration":160,"failureMessages":[]},{"ancestorTitles":["","E2E: Game Core Flow (Init + Chat + Save)","POST /api/v1/game 鈥?Initialize"],"fullName":" E2E: Game Core Flow (Init + Chat + Save) POST /api/v1/game 鈥?Initialize missing characterData returns 400","status":"passed","title":"missing characterData returns 400","duration":151,"failureMessages":[]},{"ancestorTitles":["","E2E: Game Core Flow (Init + Chat + Save)","POST /api/v1/game 鈥?Initialize"],"fullName":" E2E: Game Core Flow (Init + Chat + Save) POST /api/v1/game 鈥?Initialize partial characterData (missing name) returns 400","status":"passed","title":"partial characterData (missing name) returns 400","duration":149,"failureMessages":[]},{"ancestorTitles":["","E2E: Game Core Flow (Init + Chat + Save)","POST /api/v1/game 鈥?Initialize"],"fullName":" E2E: Game Core Flow (Init + Chat + Save) POST /api/v1/game 鈥?Initialize successful initialization returns metadata with saveId and characterId","status":"passed","title":"successful initialization returns metadata with saveId and characterId","duration":145,"failureMessages":[]},{"ancestorTitles":["","E2E: Game Core Flow (Init + Chat + Save)","POST /api/v1/game 鈥?Initialize"],"fullName":" E2E: Game Core Flow (Init + Chat + Save) POST /api/v1/game 鈥?Initialize coordinator failure triggers rollback and returns 400","status":"failed","title":"coordinator failure triggers rollback and returns 400","duration":148,"failureMessages":["expected 3 to be +0 // Object.is equality"],"location":{"line":202,"column":28}},{"ancestorTitles":["","E2E: Game Core Flow (Init + Chat + Save)","POST /api/v1/game 鈥?Initialize"],"fullName":" E2E: Game Core Flow (Init + Chat + Save) POST /api/v1/game 鈥?Initialize action \"init\" also triggers initialize (alias)","status":"passed","title":"action \"init\" also triggers initialize (alias)","duration":150,"failureMessages":[]},{"ancestorTitles":["","E2E: Game Core Flow (Init + Chat + Save)","POST /api/v1/game/chat"],"fullName":" E2E: Game Core Flow (Init + Chat + Save) POST /api/v1/game/chat missing message returns 400 (chatSchema validation)","status":"passed","title":"missing message returns 400 (chatSchema validation)","duration":148,"failureMessages":[]},{"ancestorTitles":["","E2E: Game Core Flow (Init + Chat + Save)","POST /api/v1/game/chat"],"fullName":" E2E: Game Core Flow (Init + Chat + Save) POST /api/v1/game/chat missing saveId returns 400 (chatSchema validation)","status":"passed","title":"missing saveId returns 400 (chatSchema validation)","duration":153,"failureMessages":[]},{"ancestorTitles":["","E2E: Game Core Flow (Init + Chat + Save)","POST /api/v1/game/chat"],"fullName":" E2E: Game Core Flow (Init + Chat + Save) POST /api/v1/game/chat nonexistent saveId returns 404","status":"passed","title":"nonexistent saveId returns 404","duration":138,"failureMessages":[]},{"ancestorTitles":["","E2E: Game Core Flow (Init + Chat + Save)","POST /api/v1/game/chat"],"fullName":" E2E: Game Core Flow (Init + Chat + Save) POST /api/v1/game/chat successful chat returns metadata with processingTime","status":"passed","title":"successful chat returns metadata with processingTime","duration":144,"failureMessages":[]},{"ancestorTitles":["","E2E: Game Core Flow (Init + Chat + Save)","POST /api/v1/game 鈥?Default Chat"],"fullName":" E2E: Game Core Flow (Init + Chat + Save) POST /api/v1/game 鈥?Default Chat without action field defaults to chat","status":"passed","title":"without action field defaults to chat","duration":141,"failureMessages":[]},{"ancestorTitles":["","E2E: Game Core Flow (Init + Chat + Save)","GET /api/v1/saves"],"fullName":" E2E: Game Core Flow (Init + Chat + Save) GET /api/v1/saves returns empty saves list initially","status":"failed","title":"returns empty saves list initially","duration":140,"failureMessages":["expected [ { id: 'default', 鈥?16) }, 鈥?1) ] to deeply equal []"],"location":{"line":324,"column":35}},{"ancestorTitles":["","E2E: Game Core Flow (Init + Chat + Save)","GET /api/v1/saves"],"fullName":" E2E: Game Core Flow (Init + Chat + Save) GET /api/v1/saves returns saves after initialization","status":"failed","title":"returns saves after initialization","duration":139,"failureMessages":["expected 3 to be 1 // Object.is equality"],"location":{"line":340,"column":42}},{"ancestorTitles":["","E2E: Game Core Flow (Init + Chat + Save)","GET /api/v1/saves"],"fullName":" E2E: Game Core Flow (Init + Chat + Save) GET /api/v1/saves supports query parameter filtering by template_id","status":"passed","title":"supports query parameter filtering by template_id","duration":147,"failureMessages":[]},{"ancestorTitles":["","E2E: Game Core Flow (Init + Chat + Save)","GET /api/v1/saves/:saveId"],"fullName":" E2E: Game Core Flow (Init + Chat + Save) GET /api/v1/saves/:saveId nonexistent saveId returns 404","status":"passed","title":"nonexistent saveId returns 404","duration":139,"failureMessages":[]},{"ancestorTitles":["","E2E: Game Core Flow (Init + Chat + Save)","GET /api/v1/saves/:saveId"],"fullName":" E2E: Game Core Flow (Init + Chat + Save) GET /api/v1/saves/:saveId returns save data for existing save","status":"passed","title":"returns save data for existing save","duration":138,"failureMessages":[]},{"ancestorTitles":["","E2E: Game Core Flow (Init + Chat + Save)","POST /api/v1/saves"],"fullName":" E2E: Game Core Flow (Init + Chat + Save) POST /api/v1/saves missing name returns 400","status":"passed","title":"missing name returns 400","duration":133,"failureMessages":[]},{"ancestorTitles":["","E2E: Game Core Flow (Init + Chat + Save)","POST /api/v1/saves"],"fullName":" E2E: Game Core Flow (Init + Chat + Save) POST /api/v1/saves empty name returns 400","status":"passed","title":"empty name returns 400","duration":138,"failureMessages":[]},{"ancestorTitles":["","E2E: Game Core Flow (Init + Chat + Save)","POST /api/v1/saves"],"fullName":" E2E: Game Core Flow (Init + Chat + Save) POST /api/v1/saves successful creation returns save object with 201","status":"passed","title":"successful creation returns save object with 201","duration":141,"failureMessages":[]},{"ancestorTitles":["","E2E: Game Core Flow (Init + Chat + Save)","POST /api/v1/saves"],"fullName":" E2E: Game Core Flow (Init + Chat + Save) POST /api/v1/saves creation with template_id and game_mode","status":"passed","title":"creation with template_id and game_mode","duration":143,"failureMessages":[]},{"ancestorTitles":["","E2E: Game Core Flow (Init + Chat + Save)","DELETE /api/v1/saves/:saveId"],"fullName":" E2E: Game Core Flow (Init + Chat + Save) DELETE /api/v1/saves/:saveId nonexistent saveId returns 404","status":"passed","title":"nonexistent saveId returns 404","duration":139,"failureMessages":[]},{"ancestorTitles":["","E2E: Game Core Flow (Init + Chat + Save)","DELETE /api/v1/saves/:saveId"],"fullName":" E2E: Game Core Flow (Init + Chat + Save) DELETE /api/v1/saves/:saveId successful deletion returns { deleted: true, saveId }","status":"failed","title":"successful deletion returns { deleted: true, saveId }","duration":161,"failureMessages":["expected 500 to be 200 // Object.is equality"],"location":{"line":473,"column":26}},{"ancestorTitles":["","E2E: Game Core Flow (Init + Chat + Save)","GET /api/v1/game/:saveId/pool/template/skills"],"fullName":" E2E: Game Core Flow (Init + Chat + Save) GET /api/v1/game/:saveId/pool/template/skills nonexistent saveId returns 404","status":"passed","title":"nonexistent saveId returns 404","duration":146,"failureMessages":[]},{"ancestorTitles":["","E2E: Game Core Flow (Init + Chat + Save)","GET /api/v1/game/:saveId/pool/template/skills"],"fullName":" E2E: Game Core Flow (Init + Chat + Save) GET /api/v1/game/:saveId/pool/template/skills returns skills array for existing save","status":"passed","title":"returns skills array for existing save","duration":147,"failureMessages":[]},{"ancestorTitles":["","E2E: Game Core Flow (Init + Chat + Save)","GET /api/v1/game/:saveId/pool/template/items"],"fullName":" E2E: Game Core Flow (Init + Chat + Save) GET /api/v1/game/:saveId/pool/template/items nonexistent saveId returns 404","status":"passed","title":"nonexistent saveId returns 404","duration":147,"failureMessages":[]},{"ancestorTitles":["","E2E: Game Core Flow (Init + Chat + Save)","GET /api/v1/game/:saveId/pool/template/items"],"fullName":" E2E: Game Core Flow (Init + Chat + Save) GET /api/v1/game/:saveId/pool/template/items returns items array for existing save","status":"passed","title":"returns items array for existing save","duration":140,"failureMessages":[]},{"ancestorTitles":["","E2E: Game Core Flow (Init + Chat + Save)","GET /api/v1/game/:saveId/pool/stats"],"fullName":" E2E: Game Core Flow (Init + Chat + Save) GET /api/v1/game/:saveId/pool/stats nonexistent saveId returns 404","status":"passed","title":"nonexistent saveId returns 404","duration":137,"failureMessages":[]},{"ancestorTitles":["","E2E: Game Core Flow (Init + Chat + Save)","GET /api/v1/game/:saveId/pool/stats"],"fullName":" E2E: Game Core Flow (Init + Chat + Save) GET /api/v1/game/:saveId/pool/stats returns pool stats for existing save","status":"passed","title":"returns pool stats for existing save","duration":142,"failureMessages":[]},{"ancestorTitles":["","E2E: Game Core Flow (Init + Chat + Save)","Full E2E Flow"],"fullName":" E2E: Game Core Flow (Init + Chat + Save) Full E2E Flow complete game lifecycle: init -> chat -> list saves -> load save -> delete save","status":"failed","title":"complete game lifecycle: init -> chat -> list saves -> load save -> delete save","duration":145,"failureMessages":["expected 3 to be 1 // Object.is equality"],"location":{"line":637,"column":46}},{"ancestorTitles":["","E2E: Game Core Flow (Init + Chat + Save)","Full E2E Flow"],"fullName":" E2E: Game Core Flow (Init + Chat + Save) Full E2E Flow init creates character record in database","status":"passed","title":"init creates character record in database","duration":142,"failureMessages":[]},{"ancestorTitles":["","E2E: Game Core Flow (Init + Chat + Save)","Full E2E Flow"],"fullName":" E2E: Game Core Flow (Init + Chat + Save) Full E2E Flow multiple initializations create independent saves","status":"failed","title":"multiple initializations create independent saves","duration":151,"failureMessages":["expected 4 to be 2 // Object.is equality"],"location":{"line":700,"column":39}}],"startTime":1781016050687,"endTime":1781016055336,"status":"failed","message":"","name":"C:/Users/super/Documents/trae_projects/AGG-main/packages/backend/src/routes/__tests__/e2e-game-core.test.ts"}]}
