{"numTotalTestSuites":480,"numPassedTestSuites":480,"numFailedTestSuites":0,"numPendingTestSuites":0,"numTotalTests":1245,"numPassedTests":1195,"numFailedTests":50,"numPendingTests":0,"numTodoTests":0,"startTime":1782683897428,"success":false,"testResults":[{"assertionResults":[{"ancestorTitles":["","Agent Lifecycle and State Management","Agent System Initialization"],"fullName":" Agent Lifecycle and State Management Agent System Initialization should return coordinator info from status endpoint","status":"passed","title":"should return coordinator info from status endpoint","duration":79,"failureMessages":[]},{"ancestorTitles":["","Agent Lifecycle and State Management","Agent System Initialization"],"fullName":" Agent Lifecycle and State Management Agent System Initialization should have 10 registered agents","status":"passed","title":"should have 10 registered agents","duration":12,"failureMessages":[]},{"ancestorTitles":["","Agent Lifecycle and State Management","Agent System Initialization"],"fullName":" Agent Lifecycle and State Management Agent System Initialization should have 23 available tools","status":"passed","title":"should have 23 available tools","duration":8,"failureMessages":[]},{"ancestorTitles":["","Agent Lifecycle and State Management","Agent System Initialization"],"fullName":" Agent Lifecycle and State Management Agent System Initialization should include coordinator schedule depth and registered agents count","status":"passed","title":"should include coordinator schedule depth and registered agents count","duration":18,"failureMessages":[]},{"ancestorTitles":["","Agent Lifecycle and State Management","Agent Status Management"],"fullName":" Agent Lifecycle and State Management Agent Status Management should show all agents with registered status","status":"passed","title":"should show all agents with registered status","duration":17,"failureMessages":[]},{"ancestorTitles":["","Agent Lifecycle and State Management","Agent Status Management"],"fullName":" Agent Lifecycle and State Management Agent Status Management should return each agent with active status","status":"passed","title":"should return each agent with active status","duration":9,"failureMessages":[]},{"ancestorTitles":["","Agent Lifecycle and State Management","Agent Status Management"],"fullName":" Agent Lifecycle and State Management Agent Status Management should contain all expected agent types","status":"passed","title":"should contain all expected agent types","duration":12,"failureMessages":[]},{"ancestorTitles":["","Agent Lifecycle and State Management","Agent Status Management"],"fullName":" Agent Lifecycle and State Management Agent Status Management should return agent status to idle after processing a direct message","status":"failed","title":"should return agent status to idle after processing a direct message","duration":60011,"failureMessages":["Test timed out in 60000ms.\nIf this is a long-running test, pass a timeout value as the last argument or configure it globally with \"testTimeout\"."]},{"ancestorTitles":["","Agent Lifecycle and State Management","Agent Context Management"],"fullName":" Agent Lifecycle and State Management Agent Context Management should create a save for context testing","status":"passed","title":"should create a save for context testing","duration":6,"failureMessages":[]},{"ancestorTitles":["","Agent Lifecycle and State Management","Agent Context Management"],"fullName":" Agent Lifecycle and State Management Agent Context Management should persist agent context per saveId after interaction","status":"passed","title":"should persist agent context per saveId after interaction","duration":41880,"failureMessages":[]},{"ancestorTitles":["","Agent Lifecycle and State Management","Agent Context Management"],"fullName":" Agent Lifecycle and State Management Agent Context Management should maintain separate contexts for different saveIds","status":"failed","title":"should maintain separate contexts for different saveIds","duration":60011,"failureMessages":["Test timed out in 60000ms.\nIf this is a long-running test, pass a timeout value as the last argument or configure it globally with \"testTimeout\"."]},{"ancestorTitles":["","Agent Lifecycle and State Management","Tool Permission System"],"fullName":" Agent Lifecycle and State Management Tool Permission System should return all 23 tools from tools endpoint","status":"passed","title":"should return all 23 tools from tools endpoint","duration":7,"failureMessages":[]},{"ancestorTitles":["","Agent Lifecycle and State Management","Tool Permission System"],"fullName":" Agent Lifecycle and State Management Tool Permission System each tool should have name, description, type, version and methods","status":"passed","title":"each tool should have name, description, type, version and methods","duration":7,"failureMessages":[]},{"ancestorTitles":["","Agent Lifecycle and State Management","Tool Permission System"],"fullName":" Agent Lifecycle and State Management Tool Permission System should include 23 ServiceTools","status":"passed","title":"should include 23 ServiceTools","duration":5,"failureMessages":[]},{"ancestorTitles":["","Agent Lifecycle and State Management","Tool Permission System"],"fullName":" Agent Lifecycle and State Management Tool Permission System should have gamemaster with full access to all tools","status":"passed","title":"should have gamemaster with full access to all tools","duration":0,"failureMessages":[]},{"ancestorTitles":["","Agent Lifecycle and State Management","Tool Permission System"],"fullName":" Agent Lifecycle and State Management Tool Permission System should give each specialized agent read/write on its domain ServiceTool","status":"passed","title":"should give each specialized agent read/write on its domain ServiceTool","duration":2,"failureMessages":[]},{"ancestorTitles":["","Agent Lifecycle and State Management","Tool Permission System"],"fullName":" Agent Lifecycle and State Management Tool Permission System should give each specialized agent access only to its configured tools","status":"passed","title":"should give each specialized agent access only to its configured tools","duration":1,"failureMessages":[]},{"ancestorTitles":["","Agent Lifecycle and State Management","Game Initialization Flow"],"fullName":" Agent Lifecycle and State Management Game Initialization Flow should return 400 when characterData is missing","status":"passed","title":"should return 400 when characterData is missing","duration":4,"failureMessages":[]},{"ancestorTitles":["","Agent Lifecycle and State Management","Game Initialization Flow"],"fullName":" Agent Lifecycle and State Management Game Initialization Flow should return 400 when characterData is incomplete","status":"passed","title":"should return 400 when characterData is incomplete","duration":2,"failureMessages":[]},{"ancestorTitles":["","Agent Lifecycle and State Management","Save-Game Interaction"],"fullName":" Agent Lifecycle and State Management Save-Game Interaction should create a save via POST /api/v1/saves","status":"passed","title":"should create a save via POST /api/v1/saves","duration":2,"failureMessages":[]},{"ancestorTitles":["","Agent Lifecycle and State Management","Save-Game Interaction"],"fullName":" Agent Lifecycle and State Management Save-Game Interaction should use the saveId to interact with agents via chat","status":"failed","title":"should use the saveId to interact with agents via chat","duration":60010,"failureMessages":["Test timed out in 60000ms.\nIf this is a long-running test, pass a timeout value as the last argument or configure it globally with \"testTimeout\"."]},{"ancestorTitles":["","Agent Lifecycle and State Management","Save-Game Interaction"],"fullName":" Agent Lifecycle and State Management Save-Game Interaction should use the saveId to send direct messages to agents","status":"passed","title":"should use the saveId to send direct messages to agents","duration":39129,"failureMessages":[]},{"ancestorTitles":["","Agent Lifecycle and State Management","Save-Game Interaction"],"fullName":" Agent Lifecycle and State Management Save-Game Interaction should return 404 when using a non-existent saveId for chat","status":"passed","title":"should return 404 when using a non-existent saveId for chat","duration":4,"failureMessages":[]},{"ancestorTitles":["","Agent Lifecycle and State Management","Save-Game Interaction"],"fullName":" Agent Lifecycle and State Management Save-Game Interaction should be able to load context for the saveId after interaction","status":"passed","title":"should be able to load context for the saveId after interaction","duration":44870,"failureMessages":[]},{"ancestorTitles":["","Agent Lifecycle and State Management","Agent System Health"],"fullName":" Agent Lifecycle and State Management Agent System Health should show database connected in health endpoint","status":"passed","title":"should show database connected in health endpoint","duration":3,"failureMessages":[]},{"ancestorTitles":["","Agent Lifecycle and State Management","Agent System Health"],"fullName":" Agent Lifecycle and State Management Agent System Health should show system uptime and memory info in agent status","status":"passed","title":"should show system uptime and memory info in agent status","duration":5,"failureMessages":[]},{"ancestorTitles":["","Agent Lifecycle and State Management","Agent System Health"],"fullName":" Agent Lifecycle and State Management Agent System Health should show all components operational","status":"passed","title":"should show all components operational","duration":5,"failureMessages":[]},{"ancestorTitles":["","Agent Lifecycle and State Management","Agent System Health"],"fullName":" Agent Lifecycle and State Management Agent System Health should show database status with applied migrations","status":"passed","title":"should show database status with applied migrations","duration":2,"failureMessages":[]}],"startTime":1782683903258,"endTime":1782684209381,"status":"failed","message":"","name":"C:/Users/super/Documents/trae_projects/AGG-main/packages/backend/tests/agent-system/lifecycle.test.ts"},{"assertionResults":[{"ancestorTitles":["","Agent Scheduling System","GameMasterAgent Scheduling"],"fullName":" Agent Scheduling System GameMasterAgent Scheduling should show coordinator with 10 registered agents via status","status":"passed","title":"should show coordinator with 10 registered agents via status","duration":77,"failureMessages":[]},{"ancestorTitles":["","Agent Scheduling System","GameMasterAgent Scheduling"],"fullName":" Agent Scheduling System GameMasterAgent Scheduling should list all 10 agent types via agents endpoint","status":"passed","title":"should list all 10 agent types via agents endpoint","duration":14,"failureMessages":[]},{"ancestorTitles":["","Agent Scheduling System","GameMasterAgent Scheduling"],"fullName":" Agent Scheduling System GameMasterAgent Scheduling should have gamemaster type and active status","status":"passed","title":"should have gamemaster type and active status","duration":22,"failureMessages":[]},{"ancestorTitles":["","Agent Scheduling System","Agent Registration"],"fullName":" Agent Scheduling System Agent Registration each agent should have type, name, status, and systemPrompt","status":"passed","title":"each agent should have type, name, status, and systemPrompt","duration":35,"failureMessages":[]},{"ancestorTitles":["","Agent Scheduling System","Agent Registration"],"fullName":" Agent Scheduling System Agent Registration should contain all 10 expected agent types","status":"passed","title":"should contain all 10 expected agent types","duration":17,"failureMessages":[]},{"ancestorTitles":["","Agent Scheduling System","Agent Registration"],"fullName":" Agent Scheduling System Agent Registration each agent systemPrompt should contain tool information","status":"passed","title":"each agent systemPrompt should contain tool information","duration":12,"failureMessages":[]},{"ancestorTitles":["","Agent Scheduling System","Agent Registration"],"fullName":" Agent Scheduling System Agent Registration all agents should have active status","status":"passed","title":"all agents should have active status","duration":14,"failureMessages":[]},{"ancestorTitles":["","Agent Scheduling System","Tool Registry"],"fullName":" Agent Scheduling System Tool Registry should return 23 tools via tools endpoint","status":"passed","title":"should return 23 tools via tools endpoint","duration":41,"failureMessages":[]},{"ancestorTitles":["","Agent Scheduling System","Tool Registry"],"fullName":" Agent Scheduling System Tool Registry each tool should have name and description","status":"passed","title":"each tool should have name and description","duration":15,"failureMessages":[]},{"ancestorTitles":["","Agent Scheduling System","Tool Registry"],"fullName":" Agent Scheduling System Tool Registry should include all ServiceTool types","status":"passed","title":"should include all ServiceTool types","duration":23,"failureMessages":[]},{"ancestorTitles":["","Agent Scheduling System","Tool Registry"],"fullName":" Agent Scheduling System Tool Registry should include all 23 ServiceTool types","status":"passed","title":"should include all 23 ServiceTool types","duration":14,"failureMessages":[]},{"ancestorTitles":["","Agent Scheduling System","Tool Registry"],"fullName":" Agent Scheduling System Tool Registry status endpoint should report 23 tools total","status":"passed","title":"status endpoint should report 23 tools total","duration":9,"failureMessages":[]},{"ancestorTitles":["","Agent Scheduling System","Tool Registry"],"fullName":" Agent Scheduling System Tool Registry status endpoint should list all expected tool types","status":"passed","title":"status endpoint should list all expected tool types","duration":23,"failureMessages":[]},{"ancestorTitles":["","Agent Scheduling System","Intent Analysis"],"fullName":" Agent Scheduling System Intent Analysis should return 400 when saveId is missing","status":"passed","title":"should return 400 when saveId is missing","duration":36,"failureMessages":[]},{"ancestorTitles":["","Agent Scheduling System","Intent Analysis"],"fullName":" Agent Scheduling System Intent Analysis should return 400 when saveId is empty string","status":"passed","title":"should return 400 when saveId is empty string","duration":7,"failureMessages":[]},{"ancestorTitles":["","Agent Scheduling System","Intent Analysis"],"fullName":" Agent Scheduling System Intent Analysis should return 400 for invalid agentType in direct message","status":"passed","title":"should return 400 for invalid agentType in direct message","duration":18,"failureMessages":[]},{"ancestorTitles":["","Agent Scheduling System","Intent Analysis"],"fullName":" Agent Scheduling System Intent Analysis should return 400 for invalid agentType in direct message","status":"passed","title":"should return 400 for invalid agentType in direct message","duration":9,"failureMessages":[]},{"ancestorTitles":["","Agent Scheduling System","DAG Scheduling"],"fullName":" Agent Scheduling System DAG Scheduling should show currentScheduleDepth in status","status":"passed","title":"should show currentScheduleDepth in status","duration":8,"failureMessages":[]},{"ancestorTitles":["","Agent Scheduling System","Decision Logging"],"fullName":" Agent Scheduling System Decision Logging should return paginated decision results","status":"passed","title":"should return paginated decision results","duration":30,"failureMessages":[]},{"ancestorTitles":["","Agent Scheduling System","Decision Logging"],"fullName":" Agent Scheduling System Decision Logging should support filtering by agentType","status":"passed","title":"should support filtering by agentType","duration":14,"failureMessages":[]},{"ancestorTitles":["","Agent Scheduling System","Decision Logging"],"fullName":" Agent Scheduling System Decision Logging should support filtering by saveId","status":"passed","title":"should support filtering by saveId","duration":11,"failureMessages":[]},{"ancestorTitles":["","Agent Scheduling System","Decision Logging"],"fullName":" Agent Scheduling System Decision Logging should support pagination with limit and offset","status":"passed","title":"should support pagination with limit and offset","duration":29,"failureMessages":[]},{"ancestorTitles":["","Agent Scheduling System","Decision Logging"],"fullName":" Agent Scheduling System Decision Logging should use default pagination values when not specified","status":"passed","title":"should use default pagination values when not specified","duration":6,"failureMessages":[]},{"ancestorTitles":["","Agent Scheduling System","Direct Agent Messaging"],"fullName":" Agent Scheduling System Direct Agent Messaging should return 400 when agentType is missing","status":"passed","title":"should return 400 when agentType is missing","duration":7,"failureMessages":[]},{"ancestorTitles":["","Agent Scheduling System","Direct Agent Messaging"],"fullName":" Agent Scheduling System Direct Agent Messaging should return 400 when message is missing","status":"passed","title":"should return 400 when message is missing","duration":12,"failureMessages":[]},{"ancestorTitles":["","Agent Scheduling System","Direct Agent Messaging"],"fullName":" Agent Scheduling System Direct Agent Messaging should return 400 when message is empty string","status":"passed","title":"should return 400 when message is empty string","duration":13,"failureMessages":[]},{"ancestorTitles":["","Agent Scheduling System","Direct Agent Messaging"],"fullName":" Agent Scheduling System Direct Agent Messaging should return 400 for invalid agentType","status":"passed","title":"should return 400 for invalid agentType","duration":14,"failureMessages":[]},{"ancestorTitles":["","Agent Scheduling System","Direct Agent Messaging"],"fullName":" Agent Scheduling System Direct Agent Messaging should process valid direct message to output agent","status":"passed","title":"should process valid direct message to output agent","duration":42360,"failureMessages":[]},{"ancestorTitles":["","Agent Scheduling System","Direct Agent Messaging"],"fullName":" Agent Scheduling System Direct Agent Messaging should process valid direct message to combat agent","status":"passed","title":"should process valid direct message to combat agent","duration":58483,"failureMessages":[]},{"ancestorTitles":["","Agent Scheduling System","Direct Agent Messaging"],"fullName":" Agent Scheduling System Direct Agent Messaging should process valid direct message to map agent","status":"passed","title":"should process valid direct message to map agent","duration":48503,"failureMessages":[]},{"ancestorTitles":["","Agent Scheduling System","Direct Agent Messaging"],"fullName":" Agent Scheduling System Direct Agent Messaging should accept gamemaster as valid agentType","status":"passed","title":"should accept gamemaster as valid agentType","duration":4,"failureMessages":[]},{"ancestorTitles":["","Agent Scheduling System","Error Handling"],"fullName":" Agent Scheduling System Error Handling should return 404 for non-existent saveId in chat","status":"passed","title":"should return 404 for non-existent saveId in chat","duration":2,"failureMessages":[]},{"ancestorTitles":["","Agent Scheduling System","Error Handling"],"fullName":" Agent Scheduling System Error Handling should return 400 for invalid agent type in direct message","status":"passed","title":"should return 400 for invalid agent type in direct message","duration":3,"failureMessages":[]},{"ancestorTitles":["","Agent Scheduling System","Error Handling"],"fullName":" Agent Scheduling System Error Handling should return 400 for missing saveId in chat","status":"passed","title":"should return 400 for missing saveId in chat","duration":2,"failureMessages":[]},{"ancestorTitles":["","Agent Scheduling System","Error Handling"],"fullName":" Agent Scheduling System Error Handling should return 400 for missing templateId on initialize action","status":"passed","title":"should return 400 for missing templateId on initialize action","duration":2,"failureMessages":[]},{"ancestorTitles":["","Agent Scheduling System","Error Handling"],"fullName":" Agent Scheduling System Error Handling should return 400 for incomplete characterData on initialize action","status":"passed","title":"should return 400 for incomplete characterData on initialize action","duration":2,"failureMessages":[]},{"ancestorTitles":["","Agent Scheduling System","Error Handling"],"fullName":" Agent Scheduling System Error Handling should return 400 for message exceeding max length","status":"passed","title":"should return 400 for message exceeding max length","duration":2,"failureMessages":[]},{"ancestorTitles":["","Agent Scheduling System","Error Handling"],"fullName":" Agent Scheduling System Error Handling should handle decisions query with invalid limit gracefully","status":"passed","title":"should handle decisions query with invalid limit gracefully","duration":3,"failureMessages":[]},{"ancestorTitles":["","Agent Scheduling System","Error Handling"],"fullName":" Agent Scheduling System Error Handling should handle decisions query with out-of-range limit","status":"passed","title":"should handle decisions query with out-of-range limit","duration":3,"failureMessages":[]}],"startTime":1782683903369,"endTime":1782684053275,"status":"passed","message":"","name":"C:/Users/super/Documents/trae_projects/AGG-main/packages/backend/tests/agent-system/scheduling.test.ts"},{"assertionResults":[{"ancestorTitles":["","WebSocket Communication System","WebSocket Connection"],"fullName":" WebSocket Communication System WebSocket Connection should accept WebSocket connections on /ws path","status":"failed","title":"should accept WebSocket connections on /ws path","duration":5072,"failureMessages":["Connected message timeout"],"location":{"line":39,"column":63}},{"ancestorTitles":["","WebSocket Communication System","WebSocket Connection"],"fullName":" WebSocket Communication System WebSocket Connection should send auth_result on connection","status":"failed","title":"should send auth_result on connection","duration":5022,"failureMessages":["First message timeout"],"location":{"line":58,"column":63}},{"ancestorTitles":["","WebSocket Communication System","WebSocket Connection"],"fullName":" WebSocket Communication System WebSocket Connection should track connected clients count","status":"failed","title":"should track connected clients count","duration":5019,"failureMessages":["Connected message timeout"],"location":{"line":39,"column":63}},{"ancestorTitles":["","WebSocket Communication System","WebSocket Connection"],"fullName":" WebSocket Communication System WebSocket Connection should handle client disconnection","status":"failed","title":"should handle client disconnection","duration":5008,"failureMessages":["Connected message timeout"],"location":{"line":39,"column":63}},{"ancestorTitles":["","WebSocket Communication System","WebSocket Connection"],"fullName":" WebSocket Communication System WebSocket Connection should track multiple clients independently","status":"failed","title":"should track multiple clients independently","duration":5006,"failureMessages":["Connected message timeout"],"location":{"line":39,"column":63}},{"ancestorTitles":["","WebSocket Communication System","WebSocket Connection"],"fullName":" WebSocket Communication System WebSocket Connection should reject connections to wrong path","status":"passed","title":"should reject connections to wrong path","duration":3,"failureMessages":[]},{"ancestorTitles":["","WebSocket Communication System","WebSocket Message Protocol"],"fullName":" WebSocket Communication System WebSocket Message Protocol should handle subscribe message with saveId","status":"failed","title":"should handle subscribe message with saveId","duration":5011,"failureMessages":["Connected message timeout"],"location":{"line":39,"column":63}},{"ancestorTitles":["","WebSocket Communication System","WebSocket Message Protocol"],"fullName":" WebSocket Communication System WebSocket Message Protocol should handle unsubscribe message","status":"failed","title":"should handle unsubscribe message","duration":5010,"failureMessages":["Connected message timeout"],"location":{"line":39,"column":63}},{"ancestorTitles":["","WebSocket Communication System","WebSocket Message Protocol"],"fullName":" WebSocket Communication System WebSocket Message Protocol should ignore subscribe message without saveId","status":"failed","title":"should ignore subscribe message without saveId","duration":5017,"failureMessages":["Connected message timeout"],"location":{"line":39,"column":63}},{"ancestorTitles":["","WebSocket Communication System","WebSocket Message Protocol"],"fullName":" WebSocket Communication System WebSocket Message Protocol should filter events by saveId for subscribed clients","status":"failed","title":"should filter events by saveId for subscribed clients","duration":5007,"failureMessages":["Connected message timeout"],"location":{"line":39,"column":63}},{"ancestorTitles":["","WebSocket Communication System","WebSocket Message Protocol"],"fullName":" WebSocket Communication System WebSocket Message Protocol should deliver events to non-subscribed clients without saveId filter","status":"failed","title":"should deliver events to non-subscribed clients without saveId filter","duration":5017,"failureMessages":["Connected message timeout"],"location":{"line":39,"column":63}},{"ancestorTitles":["","WebSocket Communication System","WebSocket Message Protocol"],"fullName":" WebSocket Communication System WebSocket Message Protocol should allow resubscription to different saveId","status":"failed","title":"should allow resubscription to different saveId","duration":5011,"failureMessages":["Connected message timeout"],"location":{"line":39,"column":63}},{"ancestorTitles":["","WebSocket Communication System","WebSocket Message Protocol"],"fullName":" WebSocket Communication System WebSocket Message Protocol should handle subscribe with empty string saveId as no subscription","status":"failed","title":"should handle subscribe with empty string saveId as no subscription","duration":5011,"failureMessages":["Connected message timeout"],"location":{"line":39,"column":63}},{"ancestorTitles":["","WebSocket Communication System","WebSocket Broadcast"],"fullName":" WebSocket Communication System WebSocket Broadcast should broadcast to all non-subscribed clients","status":"failed","title":"should broadcast to all non-subscribed clients","duration":5002,"failureMessages":["Connected message timeout"],"location":{"line":39,"column":63}},{"ancestorTitles":["","WebSocket Communication System","WebSocket Broadcast"],"fullName":" WebSocket Communication System WebSocket Broadcast should broadcastToSave with saveId filtering","status":"failed","title":"should broadcastToSave with saveId filtering","duration":5012,"failureMessages":["Connected message timeout"],"location":{"line":39,"column":63}},{"ancestorTitles":["","WebSocket Communication System","WebSocket Broadcast"],"fullName":" WebSocket Communication System WebSocket Broadcast should handle closed connections gracefully during broadcast","status":"failed","title":"should handle closed connections gracefully during broadcast","duration":5006,"failureMessages":["Connected message timeout"],"location":{"line":39,"column":63}},{"ancestorTitles":["","WebSocket Communication System","WebSocket Broadcast"],"fullName":" WebSocket Communication System WebSocket Broadcast should broadcast all supported event types","status":"failed","title":"should broadcast all supported event types","duration":5013,"failureMessages":["Connected message timeout"],"location":{"line":39,"column":63}},{"ancestorTitles":["","WebSocket Communication System","WebSocket Broadcast"],"fullName":" WebSocket Communication System WebSocket Broadcast should not send to clients subscribed to different saveId","status":"failed","title":"should not send to clients subscribed to different saveId","duration":5003,"failureMessages":["Connected message timeout"],"location":{"line":39,"column":63}},{"ancestorTitles":["","WebSocket Communication System","WebSocket Broadcast"],"fullName":" WebSocket Communication System WebSocket Broadcast should include timestamp in broadcastToSave events","status":"failed","title":"should include timestamp in broadcastToSave events","duration":5003,"failureMessages":["Connected message timeout"],"location":{"line":39,"column":63}},{"ancestorTitles":["","WebSocket Communication System","WebSocket Broadcast"],"fullName":" WebSocket Communication System WebSocket Broadcast should broadcast event with non-object payload to all clients","status":"failed","title":"should broadcast event with non-object payload to all clients","duration":5008,"failureMessages":["Connected message timeout"],"location":{"line":39,"column":63}},{"ancestorTitles":["","WebSocket Communication System","WebSocket Broadcast"],"fullName":" WebSocket Communication System WebSocket Broadcast should not deliver save-filtered event to subscribed client with different saveId","status":"failed","title":"should not deliver save-filtered event to subscribed client with different saveId","duration":5012,"failureMessages":["Connected message timeout"],"location":{"line":39,"column":63}},{"ancestorTitles":["","WebSocket Communication System","WebSocket Error Handling"],"fullName":" WebSocket Communication System WebSocket Error Handling should handle invalid JSON messages gracefully","status":"failed","title":"should handle invalid JSON messages gracefully","duration":5017,"failureMessages":["Connected message timeout"],"location":{"line":39,"column":63}},{"ancestorTitles":["","WebSocket Communication System","WebSocket Error Handling"],"fullName":" WebSocket Communication System WebSocket Error Handling should handle multiple invalid JSON messages without crashing","status":"failed","title":"should handle multiple invalid JSON messages without crashing","duration":5014,"failureMessages":["Connected message timeout"],"location":{"line":39,"column":63}},{"ancestorTitles":["","WebSocket Communication System","WebSocket Error Handling"],"fullName":" WebSocket Communication System WebSocket Error Handling should handle connection errors and clean up","status":"failed","title":"should handle connection errors and clean up","duration":5005,"failureMessages":["Connected message timeout"],"location":{"line":39,"column":63}},{"ancestorTitles":["","WebSocket Communication System","WebSocket Error Handling"],"fullName":" WebSocket Communication System WebSocket Error Handling should handle shutdown with connected clients","status":"failed","title":"should handle shutdown with connected clients","duration":5002,"failureMessages":["Connected message timeout"],"location":{"line":39,"column":63}},{"ancestorTitles":["","WebSocket Communication System","WebSocket Error Handling"],"fullName":" WebSocket Communication System WebSocket Error Handling should handle shutdown with no clients","status":"passed","title":"should handle shutdown with no clients","duration":2,"failureMessages":[]},{"ancestorTitles":["","WebSocket Communication System","WebSocket Error Handling"],"fullName":" WebSocket Communication System WebSocket Error Handling should handle double shutdown gracefully","status":"failed","title":"should handle double shutdown gracefully","duration":5010,"failureMessages":["Connected message timeout"],"location":{"line":39,"column":63}},{"ancestorTitles":["","WebSocket Communication System","WebSocket Error Handling"],"fullName":" WebSocket Communication System WebSocket Error Handling should continue operating after one client has an error","status":"failed","title":"should continue operating after one client has an error","duration":5010,"failureMessages":["Connected message timeout"],"location":{"line":39,"column":63}},{"ancestorTitles":["","WebSocket Communication System","WebSocket + Agent Integration"],"fullName":" WebSocket Communication System WebSocket + Agent Integration should broadcast game events after save creation","status":"failed","title":"should broadcast game events after save creation","duration":5035,"failureMessages":["Connected message timeout"],"location":{"line":39,"column":63}},{"ancestorTitles":["","WebSocket Communication System","WebSocket + Agent Integration"],"fullName":" WebSocket Communication System WebSocket + Agent Integration should broadcast events for specific save sessions","status":"failed","title":"should broadcast events for specific save sessions","duration":5013,"failureMessages":["Connected message timeout"],"location":{"line":39,"column":63}},{"ancestorTitles":["","WebSocket Communication System","WebSocket + Agent Integration"],"fullName":" WebSocket Communication System WebSocket + Agent Integration should handle multiple save sessions concurrently","status":"failed","title":"should handle multiple save sessions concurrently","duration":5013,"failureMessages":["Connected message timeout"],"location":{"line":39,"column":63}},{"ancestorTitles":["","WebSocket Communication System","WebSocket + Agent Integration"],"fullName":" WebSocket Communication System WebSocket + Agent Integration should isolate events between different save sessions","status":"failed","title":"should isolate events between different save sessions","duration":5021,"failureMessages":["Connected message timeout"],"location":{"line":39,"column":63}},{"ancestorTitles":["","WebSocket Communication System","WebSocket + Agent Integration"],"fullName":" WebSocket Communication System WebSocket + Agent Integration should broadcast all game event types for a save session","status":"failed","title":"should broadcast all game event types for a save session","duration":5013,"failureMessages":["Connected message timeout"],"location":{"line":39,"column":63}}],"startTime":1782683903167,"endTime":1782684058595,"status":"failed","message":"","name":"C:/Users/super/Documents/trae_projects/AGG-main/packages/backend/tests/agent-system/websocket.test.ts"},{"assertionResults":[{"ancestorTitles":["","Config Routes Integration Tests","GET /api/v1/config/agent-profiles - List Agent Profiles"],"fullName":" Config Routes Integration Tests GET /api/v1/config/agent-profiles - List Agent Profiles should return list of agent profiles","status":"passed","title":"should return list of agent profiles","duration":1,"failureMessages":[]},{"ancestorTitles":["","Config Routes Integration Tests","GET /api/v1/config/agent-profiles/:name - Get Agent Profile"],"fullName":" Config Routes Integration Tests GET /api/v1/config/agent-profiles/:name - Get Agent Profile should return profile detail","status":"passed","title":"should return profile detail","duration":0,"failureMessages":[]},{"ancestorTitles":["","Config Routes Integration Tests","GET /api/v1/config/agent-profiles/:name - Get Agent Profile"],"fullName":" Config Routes Integration Tests GET /api/v1/config/agent-profiles/:name - Get Agent Profile should return 404 for non-existent profile","status":"passed","title":"should return 404 for non-existent profile","duration":0,"failureMessages":[]},{"ancestorTitles":["","Config Routes Integration Tests","POST /api/v1/config/agent-profiles - Create Agent Profile"],"fullName":" Config Routes Integration Tests POST /api/v1/config/agent-profiles - Create Agent Profile should create a new agent profile","status":"passed","title":"should create a new agent profile","duration":0,"failureMessages":[]},{"ancestorTitles":["","Config Routes Integration Tests","POST /api/v1/config/agent-profiles - Create Agent Profile"],"fullName":" Config Routes Integration Tests POST /api/v1/config/agent-profiles - Create Agent Profile should return 400 when required fields are missing","status":"passed","title":"should return 400 when required fields are missing","duration":0,"failureMessages":[]},{"ancestorTitles":["","Config Routes Integration Tests","PUT /api/v1/config/agent-profiles/:name - Update Agent Profile"],"fullName":" Config Routes Integration Tests PUT /api/v1/config/agent-profiles/:name - Update Agent Profile should update custom profile","status":"passed","title":"should update custom profile","duration":1,"failureMessages":[]},{"ancestorTitles":["","Config Routes Integration Tests","PUT /api/v1/config/agent-profiles/:name - Update Agent Profile"],"fullName":" Config Routes Integration Tests PUT /api/v1/config/agent-profiles/:name - Update Agent Profile should return 404 for non-existent profile","status":"passed","title":"should return 404 for non-existent profile","duration":0,"failureMessages":[]},{"ancestorTitles":["","Config Routes Integration Tests","GET /api/v1/config/agent-profiles/:name/agents - List Profile Agents"],"fullName":" Config Routes Integration Tests GET /api/v1/config/agent-profiles/:name/agents - List Profile Agents should return agents for a profile","status":"passed","title":"should return agents for a profile","duration":0,"failureMessages":[]},{"ancestorTitles":["","Config Routes Integration Tests","GET /api/v1/config/tools - List Tools"],"fullName":" Config Routes Integration Tests GET /api/v1/config/tools - List Tools should return all registered tools","status":"passed","title":"should return all registered tools","duration":0,"failureMessages":[]},{"ancestorTitles":["","Config Routes Integration Tests","GET /api/v1/config/system-agents - List System Agents"],"fullName":" Config Routes Integration Tests GET /api/v1/config/system-agents - List System Agents should return system agent configurations","status":"passed","title":"should return system agent configurations","duration":0,"failureMessages":[]},{"ancestorTitles":["","Config Routes Integration Tests","POST /api/v1/config/seed - Seed from YAML"],"fullName":" Config Routes Integration Tests POST /api/v1/config/seed - Seed from YAML should seed profiles from YAML","status":"passed","title":"should seed profiles from YAML","duration":0,"failureMessages":[]},{"ancestorTitles":["","Config Routes Integration Tests","DELETE /api/v1/config/agent-profiles/:name - Delete Agent Profile"],"fullName":" Config Routes Integration Tests DELETE /api/v1/config/agent-profiles/:name - Delete Agent Profile should delete custom profile","status":"passed","title":"should delete custom profile","duration":0,"failureMessages":[]},{"ancestorTitles":["","Config Routes Integration Tests","DELETE /api/v1/config/agent-profiles/:name - Delete Agent Profile"],"fullName":" Config Routes Integration Tests DELETE /api/v1/config/agent-profiles/:name - Delete Agent Profile should return 403 when deleting builtin profile","status":"passed","title":"should return 403 when deleting builtin profile","duration":0,"failureMessages":[]}],"startTime":1782683912564,"endTime":1782683912568,"status":"passed","message":"","name":"C:/Users/super/Documents/trae_projects/AGG-main/packages/backend/tests/config/config.routes.test.ts"},{"assertionResults":[{"ancestorTitles":["","Root Level API Integration Tests","GET /api/v1/health"],"fullName":" Root Level API Integration Tests GET /api/v1/health should return 200 with health status","status":"passed","title":"should return 200 with health status","duration":27,"failureMessages":[]},{"ancestorTitles":["","Root Level API Integration Tests","GET /api/v1/health"],"fullName":" Root Level API Integration Tests GET /api/v1/health should include meta with timestamp and requestId","status":"passed","title":"should include meta with timestamp and requestId","duration":4,"failureMessages":[]},{"ancestorTitles":["","Root Level API Integration Tests","GET /api/v1/database/status"],"fullName":" Root Level API Integration Tests GET /api/v1/database/status should return 200 with database status","status":"passed","title":"should return 200 with database status","duration":3,"failureMessages":[]},{"ancestorTitles":["","Root Level API Integration Tests","GET /api/v1/database/status"],"fullName":" Root Level API Integration Tests GET /api/v1/database/status should have applied migrations with version numbers","status":"passed","title":"should have applied migrations with version numbers","duration":4,"failureMessages":[]}],"startTime":1782683920334,"endTime":1782683920372,"status":"passed","message":"","name":"C:/Users/super/Documents/trae_projects/AGG-main/packages/backend/tests/root/root.routes.test.ts"},{"assertionResults":[{"ancestorTitles":["","Save Routes Integration Tests","POST /api/v1/saves - Create Save"],"fullName":" Save Routes Integration Tests POST /api/v1/saves - Create Save should create a new save with required name field","status":"passed","title":"should create a new save with required name field","duration":117,"failureMessages":[]},{"ancestorTitles":["","Save Routes Integration Tests","POST /api/v1/saves - Create Save"],"fullName":" Save Routes Integration Tests POST /api/v1/saves - Create Save should return 400 when name is missing","status":"passed","title":"should return 400 when name is missing","duration":8,"failureMessages":[]},{"ancestorTitles":["","Save Routes Integration Tests","POST /api/v1/saves - Create Save"],"fullName":" Save Routes Integration Tests POST /api/v1/saves - Create Save should return 400 when name is not a string","status":"passed","title":"should return 400 when name is not a string","duration":7,"failureMessages":[]},{"ancestorTitles":["","Save Routes Integration Tests","POST /api/v1/saves - Create Save"],"fullName":" Save Routes Integration Tests POST /api/v1/saves - Create Save should create save with optional templateId","status":"passed","title":"should create save with optional templateId","duration":13,"failureMessages":[]},{"ancestorTitles":["","Save Routes Integration Tests","GET /api/v1/saves - List Saves"],"fullName":" Save Routes Integration Tests GET /api/v1/saves - List Saves should return list of saves with total","status":"passed","title":"should return list of saves with total","duration":22,"failureMessages":[]},{"ancestorTitles":["","Save Routes Integration Tests","GET /api/v1/saves - List Saves"],"fullName":" Save Routes Integration Tests GET /api/v1/saves - List Saves should support query parameters for filtering","status":"passed","title":"should support query parameters for filtering","duration":11,"failureMessages":[]},{"ancestorTitles":["","Save Routes Integration Tests","GET /api/v1/saves - List Saves"],"fullName":" Save Routes Integration Tests GET /api/v1/saves - List Saves should support nameContains filter","status":"passed","title":"should support nameContains filter","duration":7,"failureMessages":[]},{"ancestorTitles":["","Save Routes Integration Tests","GET /api/v1/saves/:saveId - Get Save Detail"],"fullName":" Save Routes Integration Tests GET /api/v1/saves/:saveId - Get Save Detail should return save detail with character data","status":"passed","title":"should return save detail with character data","duration":16,"failureMessages":[]},{"ancestorTitles":["","Save Routes Integration Tests","GET /api/v1/saves/:saveId - Get Save Detail"],"fullName":" Save Routes Integration Tests GET /api/v1/saves/:saveId - Get Save Detail should return 404 for non-existent save","status":"passed","title":"should return 404 for non-existent save","duration":11,"failureMessages":[]},{"ancestorTitles":["","Save Routes Integration Tests","PATCH /api/v1/saves/:saveId - Update Save Metadata"],"fullName":" Save Routes Integration Tests PATCH /api/v1/saves/:saveId - Update Save Metadata should update save metadata","status":"passed","title":"should update save metadata","duration":10,"failureMessages":[]},{"ancestorTitles":["","Save Routes Integration Tests","PATCH /api/v1/saves/:saveId - Update Save Metadata"],"fullName":" Save Routes Integration Tests PATCH /api/v1/saves/:saveId - Update Save Metadata should return 400 when no fields provided","status":"passed","title":"should return 400 when no fields provided","duration":7,"failureMessages":[]},{"ancestorTitles":["","Save Routes Integration Tests","PATCH /api/v1/saves/:saveId - Update Save Metadata"],"fullName":" Save Routes Integration Tests PATCH /api/v1/saves/:saveId - Update Save Metadata should return 404 for non-existent save","status":"passed","title":"should return 404 for non-existent save","duration":13,"failureMessages":[]},{"ancestorTitles":["","Save Routes Integration Tests","PUT /api/v1/saves/:saveId - Save (Manual Save)"],"fullName":" Save Routes Integration Tests PUT /api/v1/saves/:saveId - Save (Manual Save) should save and create snapshot","status":"passed","title":"should save and create snapshot","duration":24,"failureMessages":[]},{"ancestorTitles":["","Save Routes Integration Tests","PUT /api/v1/saves/:saveId - Save (Manual Save)"],"fullName":" Save Routes Integration Tests PUT /api/v1/saves/:saveId - Save (Manual Save) should return 404 for non-existent save","status":"passed","title":"should return 404 for non-existent save","duration":30,"failureMessages":[]},{"ancestorTitles":["","Save Routes Integration Tests","POST /api/v1/saves/:saveId/auto - Auto Save"],"fullName":" Save Routes Integration Tests POST /api/v1/saves/:saveId/auto - Auto Save should auto save and return autoSaved status","status":"passed","title":"should auto save and return autoSaved status","duration":19,"failureMessages":[]},{"ancestorTitles":["","Save Routes Integration Tests","POST /api/v1/saves/:saveId/copy - Copy Save"],"fullName":" Save Routes Integration Tests POST /api/v1/saves/:saveId/copy - Copy Save should copy save with all associated data","status":"passed","title":"should copy save with all associated data","duration":15,"failureMessages":[]},{"ancestorTitles":["","Save Routes Integration Tests","POST /api/v1/saves/:saveId/copy - Copy Save"],"fullName":" Save Routes Integration Tests POST /api/v1/saves/:saveId/copy - Copy Save should copy save with default name when no name provided","status":"passed","title":"should copy save with default name when no name provided","duration":10,"failureMessages":[]},{"ancestorTitles":["","Save Routes Integration Tests","POST /api/v1/saves/:saveId/copy - Copy Save"],"fullName":" Save Routes Integration Tests POST /api/v1/saves/:saveId/copy - Copy Save should return 404 for non-existent source save","status":"passed","title":"should return 404 for non-existent source save","duration":10,"failureMessages":[]},{"ancestorTitles":["","Save Routes Integration Tests","POST /api/v1/saves/:saveId/export - Export Save"],"fullName":" Save Routes Integration Tests POST /api/v1/saves/:saveId/export - Export Save should export save data with version info","status":"passed","title":"should export save data with version info","duration":10,"failureMessages":[]},{"ancestorTitles":["","Save Routes Integration Tests","POST /api/v1/saves/:saveId/export - Export Save"],"fullName":" Save Routes Integration Tests POST /api/v1/saves/:saveId/export - Export Save should return 404 for non-existent save","status":"passed","title":"should return 404 for non-existent save","duration":6,"failureMessages":[]},{"ancestorTitles":["","Save Routes Integration Tests","POST /api/v1/saves/import - Import Save"],"fullName":" Save Routes Integration Tests POST /api/v1/saves/import - Import Save should import save from exported data","status":"passed","title":"should import save from exported data","duration":21,"failureMessages":[]},{"ancestorTitles":["","Save Routes Integration Tests","POST /api/v1/saves/import - Import Save"],"fullName":" Save Routes Integration Tests POST /api/v1/saves/import - Import Save should return 400 when data is missing","status":"passed","title":"should return 400 when data is missing","duration":6,"failureMessages":[]},{"ancestorTitles":["","Save Routes Integration Tests","Snapshots"],"fullName":" Save Routes Integration Tests Snapshots should create a snapshot","status":"passed","title":"should create a snapshot","duration":11,"failureMessages":[]},{"ancestorTitles":["","Save Routes Integration Tests","Snapshots"],"fullName":" Save Routes Integration Tests Snapshots should return 404 when creating snapshot for non-existent save","status":"passed","title":"should return 404 when creating snapshot for non-existent save","duration":7,"failureMessages":[]},{"ancestorTitles":["","Save Routes Integration Tests","Snapshots"],"fullName":" Save Routes Integration Tests Snapshots should list snapshots for a save","status":"passed","title":"should list snapshots for a save","duration":9,"failureMessages":[]},{"ancestorTitles":["","Save Routes Integration Tests","Snapshots"],"fullName":" Save Routes Integration Tests Snapshots should list snapshots filtered by type","status":"passed","title":"should list snapshots filtered by type","duration":14,"failureMessages":[]},{"ancestorTitles":["","Save Routes Integration Tests","Snapshots"],"fullName":" Save Routes Integration Tests Snapshots should get a single snapshot","status":"passed","title":"should get a single snapshot","duration":13,"failureMessages":[]},{"ancestorTitles":["","Save Routes Integration Tests","Snapshots"],"fullName":" Save Routes Integration Tests Snapshots should return 404 for non-existent snapshot","status":"passed","title":"should return 404 for non-existent snapshot","duration":15,"failureMessages":[]},{"ancestorTitles":["","Save Routes Integration Tests","Snapshots"],"fullName":" Save Routes Integration Tests Snapshots should restore from snapshot","status":"passed","title":"should restore from snapshot","duration":11,"failureMessages":[]},{"ancestorTitles":["","Save Routes Integration Tests","Snapshots"],"fullName":" Save Routes Integration Tests Snapshots should return 404 for restoring non-existent snapshot","status":"passed","title":"should return 404 for restoring non-existent snapshot","duration":17,"failureMessages":[]},{"ancestorTitles":["","Save Routes Integration Tests","Snapshots"],"fullName":" Save Routes Integration Tests Snapshots should delete a snapshot","status":"passed","title":"should delete a snapshot","duration":16,"failureMessages":[]},{"ancestorTitles":["","Save Routes Integration Tests","Snapshots"],"fullName":" Save Routes Integration Tests Snapshots should return 404 when deleting non-existent snapshot","status":"passed","title":"should return 404 when deleting non-existent snapshot","duration":5,"failureMessages":[]},{"ancestorTitles":["","Save Routes Integration Tests","DELETE /api/v1/saves/:saveId - Delete Save"],"fullName":" Save Routes Integration Tests DELETE /api/v1/saves/:saveId - Delete Save should delete a save","status":"passed","title":"should delete a save","duration":19,"failureMessages":[]},{"ancestorTitles":["","Save Routes Integration Tests","DELETE /api/v1/saves/:saveId - Delete Save"],"fullName":" Save Routes Integration Tests DELETE /api/v1/saves/:saveId - Delete Save should confirm save is deleted (404 on get)","status":"passed","title":"should confirm save is deleted (404 on get)","duration":5,"failureMessages":[]}],"startTime":1782683903176,"endTime":1782683903713,"status":"passed","message":"","name":"C:/Users/super/Documents/trae_projects/AGG-main/packages/backend/tests/save/save.routes.test.ts"},{"assertionResults":[{"ancestorTitles":["","Template Routes Integration Tests","GET /api/v1/templates - List Templates"],"fullName":" Template Routes Integration Tests GET /api/v1/templates - List Templates should return list of templates","status":"passed","title":"should return list of templates","duration":113,"failureMessages":[]},{"ancestorTitles":["","Template Routes Integration Tests","GET /api/v1/templates - List Templates"],"fullName":" Template Routes Integration Tests GET /api/v1/templates - List Templates each template should have required fields","status":"passed","title":"each template should have required fields","duration":52,"failureMessages":[]},{"ancestorTitles":["","Template Routes Integration Tests","GET /api/v1/templates/:id - Get Template Detail"],"fullName":" Template Routes Integration Tests GET /api/v1/templates/:id - Get Template Detail should return template detail","status":"passed","title":"should return template detail","duration":39,"failureMessages":[]},{"ancestorTitles":["","Template Routes Integration Tests","GET /api/v1/templates/:id - Get Template Detail"],"fullName":" Template Routes Integration Tests GET /api/v1/templates/:id - Get Template Detail should return 404 for non-existent template","status":"passed","title":"should return 404 for non-existent template","duration":28,"failureMessages":[]},{"ancestorTitles":["","Template Routes Integration Tests","POST /api/v1/templates - Create Template"],"fullName":" Template Routes Integration Tests POST /api/v1/templates - Create Template should create a new template","status":"passed","title":"should create a new template","duration":59,"failureMessages":[]},{"ancestorTitles":["","Template Routes Integration Tests","POST /api/v1/templates - Create Template"],"fullName":" Template Routes Integration Tests POST /api/v1/templates - Create Template should return 400 when data is missing","status":"passed","title":"should return 400 when data is missing","duration":5,"failureMessages":[]},{"ancestorTitles":["","Template Routes Integration Tests","PUT /api/v1/templates/:id - Update Template"],"fullName":" Template Routes Integration Tests PUT /api/v1/templates/:id - Update Template should update custom template","status":"passed","title":"should update custom template","duration":54,"failureMessages":[]},{"ancestorTitles":["","Template Routes Integration Tests","PUT /api/v1/templates/:id - Update Template"],"fullName":" Template Routes Integration Tests PUT /api/v1/templates/:id - Update Template should return 400 when no fields provided","status":"passed","title":"should return 400 when no fields provided","duration":6,"failureMessages":[]},{"ancestorTitles":["","Template Routes Integration Tests","PUT /api/v1/templates/:id - Update Template"],"fullName":" Template Routes Integration Tests PUT /api/v1/templates/:id - Update Template should return 403 when updating builtin template","status":"passed","title":"should return 403 when updating builtin template","duration":26,"failureMessages":[]},{"ancestorTitles":["","Template Routes Integration Tests","PUT /api/v1/templates/:id - Update Template"],"fullName":" Template Routes Integration Tests PUT /api/v1/templates/:id - Update Template should return 404 for non-existent template","status":"passed","title":"should return 404 for non-existent template","duration":45,"failureMessages":[]},{"ancestorTitles":["","Template Routes Integration Tests","GET /api/v1/templates/:id/prompts - Get Template Prompts"],"fullName":" Template Routes Integration Tests GET /api/v1/templates/:id/prompts - Get Template Prompts should return template prompts","status":"passed","title":"should return template prompts","duration":29,"failureMessages":[]},{"ancestorTitles":["","Template Routes Integration Tests","GET /api/v1/templates/:id/prompts - Get Template Prompts"],"fullName":" Template Routes Integration Tests GET /api/v1/templates/:id/prompts - Get Template Prompts should return 404 for non-existent template","status":"passed","title":"should return 404 for non-existent template","duration":34,"failureMessages":[]},{"ancestorTitles":["","Template Routes Integration Tests","GET /api/v1/templates/:id/game-config - Get Game Config"],"fullName":" Template Routes Integration Tests GET /api/v1/templates/:id/game-config - Get Game Config should return game config for template","status":"passed","title":"should return game config for template","duration":32,"failureMessages":[]},{"ancestorTitles":["","Template Routes Integration Tests","GET /api/v1/templates/:id/game-config - Get Game Config"],"fullName":" Template Routes Integration Tests GET /api/v1/templates/:id/game-config - Get Game Config should return 404 for non-existent template","status":"passed","title":"should return 404 for non-existent template","duration":31,"failureMessages":[]},{"ancestorTitles":["","Template Routes Integration Tests","GET /api/v1/templates/:id/character-options - Get Character Options"],"fullName":" Template Routes Integration Tests GET /api/v1/templates/:id/character-options - Get Character Options should return character creation options","status":"passed","title":"should return character creation options","duration":31,"failureMessages":[]},{"ancestorTitles":["","Template Routes Integration Tests","GET /api/v1/templates/:id/character-options - Get Character Options"],"fullName":" Template Routes Integration Tests GET /api/v1/templates/:id/character-options - Get Character Options should return 404 for non-existent template","status":"passed","title":"should return 404 for non-existent template","duration":31,"failureMessages":[]},{"ancestorTitles":["","Template Routes Integration Tests","POST /api/v1/templates/:id/duplicate - Duplicate Template"],"fullName":" Template Routes Integration Tests POST /api/v1/templates/:id/duplicate - Duplicate Template should duplicate a template","status":"passed","title":"should duplicate a template","duration":95,"failureMessages":[]},{"ancestorTitles":["","Template Routes Integration Tests","POST /api/v1/templates/:id/duplicate - Duplicate Template"],"fullName":" Template Routes Integration Tests POST /api/v1/templates/:id/duplicate - Duplicate Template should return 404 for non-existent template","status":"passed","title":"should return 404 for non-existent template","duration":33,"failureMessages":[]},{"ancestorTitles":["","Template Routes Integration Tests","POST /api/v1/templates/:id/export - Export Template"],"fullName":" Template Routes Integration Tests POST /api/v1/templates/:id/export - Export Template should export template data","status":"passed","title":"should export template data","duration":64,"failureMessages":[]},{"ancestorTitles":["","Template Routes Integration Tests","POST /api/v1/templates/:id/export - Export Template"],"fullName":" Template Routes Integration Tests POST /api/v1/templates/:id/export - Export Template should return 404 for non-existent template","status":"passed","title":"should return 404 for non-existent template","duration":53,"failureMessages":[]},{"ancestorTitles":["","Template Routes Integration Tests","POST /api/v1/templates/:id/validate - Validate Template"],"fullName":" Template Routes Integration Tests POST /api/v1/templates/:id/validate - Validate Template should validate template and return result","status":"passed","title":"should validate template and return result","duration":51,"failureMessages":[]},{"ancestorTitles":["","Template Routes Integration Tests","POST /api/v1/templates/:id/validate - Validate Template"],"fullName":" Template Routes Integration Tests POST /api/v1/templates/:id/validate - Validate Template should return 404 for non-existent template","status":"passed","title":"should return 404 for non-existent template","duration":66,"failureMessages":[]},{"ancestorTitles":["","Template Routes Integration Tests","DELETE /api/v1/templates/:id - Delete Template"],"fullName":" Template Routes Integration Tests DELETE /api/v1/templates/:id - Delete Template should delete custom template","status":"passed","title":"should delete custom template","duration":38,"failureMessages":[]},{"ancestorTitles":["","Template Routes Integration Tests","DELETE /api/v1/templates/:id - Delete Template"],"fullName":" Template Routes Integration Tests DELETE /api/v1/templates/:id - Delete Template should delete duplicated template","status":"passed","title":"should delete duplicated template","duration":48,"failureMessages":[]},{"ancestorTitles":["","Template Routes Integration Tests","DELETE /api/v1/templates/:id - Delete Template"],"fullName":" Template Routes Integration Tests DELETE /api/v1/templates/:id - Delete Template should return 403 when deleting builtin template","status":"passed","title":"should return 403 when deleting builtin template","duration":32,"failureMessages":[]},{"ancestorTitles":["","Template Routes Integration Tests","DELETE /api/v1/templates/:id - Delete Template"],"fullName":" Template Routes Integration Tests DELETE /api/v1/templates/:id - Delete Template should return 404 for non-existent template","status":"passed","title":"should return 404 for non-existent template","duration":42,"failureMessages":[]}],"startTime":1782683908197,"endTime":1782683909336,"status":"passed","message":"","name":"C:/Users/super/Documents/trae_projects/AGG-main/packages/backend/tests/template/template.routes.test.ts"},{"assertionResults":[{"ancestorTitles":["","Cross-Module Integration Tests","Full Game Initialization Flow"],"fullName":" Cross-Module Integration Tests Full Game Initialization Flow Step 1: Get available templates","status":"passed","title":"Step 1: Get available templates","duration":92,"failureMessages":[]},{"ancestorTitles":["","Cross-Module Integration Tests","Full Game Initialization Flow"],"fullName":" Cross-Module Integration Tests Full Game Initialization Flow Step 2: Get character options from template","status":"passed","title":"Step 2: Get character options from template","duration":32,"failureMessages":[]},{"ancestorTitles":["","Cross-Module Integration Tests","Full Game Initialization Flow"],"fullName":" Cross-Module Integration Tests Full Game Initialization Flow Step 3: Get game config from template","status":"passed","title":"Step 3: Get game config from template","duration":47,"failureMessages":[]},{"ancestorTitles":["","Cross-Module Integration Tests","Full Game Initialization Flow"],"fullName":" Cross-Module Integration Tests Full Game Initialization Flow Step 6: Load complete save data","status":"passed","title":"Step 6: Load complete save data","duration":0,"failureMessages":[]},{"ancestorTitles":["","Cross-Module Integration Tests","Save Lifecycle Flow"],"fullName":" Cross-Module Integration Tests Save Lifecycle Flow should complete full save lifecycle: create → update → snapshot → restore → delete","status":"passed","title":"should complete full save lifecycle: create → update → snapshot → restore → delete","duration":84,"failureMessages":[]},{"ancestorTitles":["","Cross-Module Integration Tests","Template Lifecycle Flow"],"fullName":" Cross-Module Integration Tests Template Lifecycle Flow should complete full template lifecycle: create → update → duplicate → export → delete","status":"passed","title":"should complete full template lifecycle: create → update → duplicate → export → delete","duration":272,"failureMessages":[]},{"ancestorTitles":["","Cross-Module Integration Tests","Save Export/Import Round-trip"],"fullName":" Cross-Module Integration Tests Save Export/Import Round-trip should export and re-import a save","status":"passed","title":"should export and re-import a save","duration":55,"failureMessages":[]},{"ancestorTitles":["","Cross-Module Integration Tests","Agent System Status Check"],"fullName":" Cross-Module Integration Tests Agent System Status Check should verify all agent system components are operational","status":"failed","title":"should verify all agent system components are operational","duration":17,"failureMessages":["expected 23 to be 22 // Object.is equality"],"location":{"line":222,"column":52}},{"ancestorTitles":["","Cross-Module Integration Tests","Error Response Format Consistency"],"fullName":" Cross-Module Integration Tests Error Response Format Consistency all 404 errors should have consistent format","status":"passed","title":"all 404 errors should have consistent format","duration":31,"failureMessages":[]},{"ancestorTitles":["","Cross-Module Integration Tests","Error Response Format Consistency"],"fullName":" Cross-Module Integration Tests Error Response Format Consistency all 400 errors should have consistent format","status":"passed","title":"all 400 errors should have consistent format","duration":10,"failureMessages":[]},{"ancestorTitles":["","Cross-Module Integration Tests","Error Response Format Consistency"],"fullName":" Cross-Module Integration Tests Error Response Format Consistency success responses should have meta field","status":"passed","title":"success responses should have meta field","duration":4,"failureMessages":[]}],"startTime":1782683908307,"endTime":1782683908951,"status":"failed","message":"","name":"C:/Users/super/Documents/trae_projects/AGG-main/packages/backend/tests/integration/cross-module.test.ts"},{"assertionResults":[{"ancestorTitles":["","agent hook runtime"],"fullName":" agent hook runtime 应暴露 9 个核心 Hook 名称且顺序稳定","status":"passed","title":"应暴露 9 个核心 Hook 名称且顺序稳定","duration":1,"failureMessages":[]},{"ancestorTitles":["","agent hook runtime"],"fullName":" agent hook runtime dispatcher 应按注册顺序执行并合并 patch","status":"passed","title":"dispatcher 应按注册顺序执行并合并 patch","duration":1,"failureMessages":[]},{"ancestorTitles":["","agent hook runtime"],"fullName":" agent hook runtime blocked patch 应中止后续 Hook 执行","status":"passed","title":"blocked patch 应中止后续 Hook 执行","duration":1,"failureMessages":[]}],"startTime":1782683920644,"endTime":1782683920647,"status":"passed","message":"","name":"C:/Users/super/Documents/trae_projects/AGG-main/packages/backend/src/agents/__tests__/agent-hooks.test.ts"},{"assertionResults":[{"ancestorTitles":["","BaseAgent request-scoped copy"],"fullName":" BaseAgent request-scoped copy 应创建请求级副本并隔离 prompt 与上下文状态","status":"passed","title":"应创建请求级副本并隔离 prompt 与上下文状态","duration":2,"failureMessages":[]},{"ancestorTitles":["","BaseAgent request-scoped copy"],"fullName":" BaseAgent request-scoped copy 请求级副本应复制所有请求级属性","status":"passed","title":"请求级副本应复制所有请求级属性","duration":2,"failureMessages":[]},{"ancestorTitles":["","BaseAgent request-scoped copy"],"fullName":" BaseAgent request-scoped copy 修改副本不应影响原始实例的上下文","status":"passed","title":"修改副本不应影响原始实例的上下文","duration":0,"failureMessages":[]},{"ancestorTitles":["","BaseAgent request-scoped copy"],"fullName":" BaseAgent request-scoped copy 修改副本的嵌套请求态对象不应回写原始实例","status":"passed","title":"修改副本的嵌套请求态对象不应回写原始实例","duration":1,"failureMessages":[]},{"ancestorTitles":["","BaseAgent request-scoped copy"],"fullName":" BaseAgent request-scoped copy 兄弟请求副本的注入方法数组应相互隔离","status":"passed","title":"兄弟请求副本的注入方法数组应相互隔离","duration":0,"failureMessages":[]},{"ancestorTitles":["","BaseAgent request-scoped copy"],"fullName":" BaseAgent request-scoped copy 请求级副本默认不继承运行时资源并支持显式绑定和清空","status":"passed","title":"请求级副本默认不继承运行时资源并支持显式绑定和清空","duration":1,"failureMessages":[]},{"ancestorTitles":["","BaseAgent request-scoped copy"],"fullName":" BaseAgent request-scoped copy 应支持绑定请求级 runtime snapshot 且隔离外部变更","status":"passed","title":"应支持绑定请求级 runtime snapshot 且隔离外部变更","duration":1,"failureMessages":[]},{"ancestorTitles":["","BaseAgent request-scoped copy"],"fullName":" BaseAgent request-scoped copy callTool 应将当前 runtime snapshot 透传给 ToolContext","status":"passed","title":"callTool 应将当前 runtime snapshot 透传给 ToolContext","duration":3,"failureMessages":[]},{"ancestorTitles":["","BaseAgent request-scoped copy"],"fullName":" BaseAgent request-scoped copy 请求级副本应继承 runtime snapshot 的深拷贝而不回写父实例","status":"passed","title":"请求级副本应继承 runtime snapshot 的深拷贝而不回写父实例","duration":0,"failureMessages":[]}],"startTime":1782683907982,"endTime":1782683907992,"status":"passed","message":"","name":"C:/Users/super/Documents/trae_projects/AGG-main/packages/backend/src/agents/__tests__/BaseAgent.request-scope.test.ts"},{"assertionResults":[{"ancestorTitles":["","ReActEngine — compressToolResult error extraction (E4-2)"],"fullName":" ReActEngine — compressToolResult error extraction (E4-2) 当 toolResult.error 存在时，优先使用顶层 error","status":"passed","title":"当 toolResult.error 存在时，优先使用顶层 error","duration":2,"failureMessages":[]},{"ancestorTitles":["","ReActEngine — compressToolResult error extraction (E4-2)"],"fullName":" ReActEngine — compressToolResult error extraction (E4-2) 当 toolResult.error 为空但 data 中有错误时，提取 data 中的错误","status":"passed","title":"当 toolResult.error 为空但 data 中有错误时，提取 data 中的错误","duration":0,"failureMessages":[]},{"ancestorTitles":["","ReActEngine — compressToolResult error extraction (E4-2)"],"fullName":" ReActEngine — compressToolResult error extraction (E4-2) 当 toolResult.error 和 data 都没有错误时，回退到 Execution failed","status":"passed","title":"当 toolResult.error 和 data 都没有错误时，回退到 Execution failed","duration":0,"failureMessages":[]},{"ancestorTitles":["","ReActEngine — compressToolResult error extraction (E4-2)"],"fullName":" ReActEngine — compressToolResult error extraction (E4-2) 当 data 为空数组时，回退到 Execution failed","status":"passed","title":"当 data 为空数组时，回退到 Execution failed","duration":0,"failureMessages":[]},{"ancestorTitles":["","ReActEngine — compressToolResult error extraction (E4-2)"],"fullName":" ReActEngine — compressToolResult error extraction (E4-2) 当 data 为 undefined 时，回退到 Execution failed","status":"passed","title":"当 data 为 undefined 时，回退到 Execution failed","duration":0,"failureMessages":[]},{"ancestorTitles":["","ReActEngine — compressToolResult error extraction (E4-2)"],"fullName":" ReActEngine — compressToolResult error extraction (E4-2) 当 toolResult.error 为空字符串时，从 data 提取错误","status":"passed","title":"当 toolResult.error 为空字符串时，从 data 提取错误","duration":0,"failureMessages":[]}],"startTime":1782683918415,"endTime":1782683918418,"status":"passed","message":"","name":"C:/Users/super/Documents/trae_projects/AGG-main/packages/backend/src/agents/__tests__/compress-tool-result-error-extraction.test.ts"},{"assertionResults":[{"ancestorTitles":["","链路1: 对话链路 — 用户输入到响应的完整数据流"],"fullName":" 链路1: 对话链路 — 用户输入到响应的完整数据流 IntentAnalyzer.analyze 返回意图后，MessageRouter 正确路由到目标 Agent","status":"skipped","title":"IntentAnalyzer.analyze 返回意图后，MessageRouter 正确路由到目标 Agent","failureMessages":[]},{"ancestorTitles":["","链路1: 对话链路 — 用户输入到响应的完整数据流"],"fullName":" 链路1: 对话链路 — 用户输入到响应的完整数据流 ResultIntegrator.integrate 正确合并多 Agent 结果的写操作","status":"skipped","title":"ResultIntegrator.integrate 正确合并多 Agent 结果的写操作","failureMessages":[]},{"ancestorTitles":["","链路3: 权限系统 — 各 Agent 只能调用授权的工具"],"fullName":" 链路3: 权限系统 — 各 Agent 只能调用授权的工具 ToolRegistry.checkPermission 对未授权工具返回 false，授权后返回 true","status":"passed","title":"ToolRegistry.checkPermission 对未授权工具返回 false，授权后返回 true","duration":3,"failureMessages":[]},{"ancestorTitles":["","链路3: 权限系统 — 各 Agent 只能调用授权的工具"],"fullName":" 链路3: 权限系统 — 各 Agent 只能调用授权的工具 ToolSet.filterVisibleMethods 只暴露声明工具的写方法","status":"passed","title":"ToolSet.filterVisibleMethods 只暴露声明工具的写方法","duration":1,"failureMessages":[]},{"ancestorTitles":["","链路4: ContextInjector 上下文注入到 Agent 执行"],"fullName":" 链路4: ContextInjector 上下文注入到 Agent 执行 prefetchForAgentsFiltered 根据 peerResultKeys 正确过滤被覆盖的 source","status":"passed","title":"prefetchForAgentsFiltered 根据 peerResultKeys 正确过滤被覆盖的 source","duration":16,"failureMessages":[]},{"ancestorTitles":["","链路4: ContextInjector 上下文注入到 Agent 执行"],"fullName":" 链路4: ContextInjector 上下文注入到 Agent 执行 getCoveredSources 从 peerResult keys 正确推导被覆盖的 source 集合","status":"passed","title":"getCoveredSources 从 peerResult keys 正确推导被覆盖的 source 集合","duration":25,"failureMessages":[]},{"ancestorTitles":["","链路5: DynamicUI 评分 — IntentAnalyzer needsDynamicUI 判断"],"fullName":" 链路5: DynamicUI 评分 — IntentAnalyzer needsDynamicUI 判断 combat 意图应触发 needsDynamicUI=true","status":"skipped","title":"combat 意图应触发 needsDynamicUI=true","failureMessages":[]},{"ancestorTitles":["","链路5: DynamicUI 评分 — IntentAnalyzer needsDynamicUI 判断"],"fullName":" 链路5: DynamicUI 评分 — IntentAnalyzer needsDynamicUI 判断 普通对话意图不应触发 needsDynamicUI","status":"skipped","title":"普通对话意图不应触发 needsDynamicUI","failureMessages":[]},{"ancestorTitles":["","链路6: RiskGate 低风险跳过 Reviewer"],"fullName":" 链路6: RiskGate 低风险跳过 Reviewer 低风险场景 assess 返回 skippedReviewer=true","status":"passed","title":"低风险场景 assess 返回 skippedReviewer=true","duration":69,"failureMessages":[]},{"ancestorTitles":["","链路6: RiskGate 低风险跳过 Reviewer"],"fullName":" 链路6: RiskGate 低风险跳过 Reviewer 高风险场景（跨Agent写冲突 + needsDynamicUI）assess 返回 skippedReviewer=false","status":"passed","title":"高风险场景（跨Agent写冲突 + needsDynamicUI）assess 返回 skippedReviewer=false","duration":1,"failureMessages":[]},{"ancestorTitles":["","链路6: RiskGate 低风险跳过 Reviewer"],"fullName":" 链路6: RiskGate 低风险跳过 Reviewer buildDefaultDecision 返回合理的默认决策","status":"passed","title":"buildDefaultDecision 返回合理的默认决策","duration":1,"failureMessages":[]},{"ancestorTitles":["","链路6: RiskGate 低风险跳过 Reviewer"],"fullName":" 链路6: RiskGate 低风险跳过 Reviewer RiskGate 禁用时返回 level=high 且 skippedReviewer=false（禁用=不跳过Reviewer）","status":"passed","title":"RiskGate 禁用时返回 level=high 且 skippedReviewer=false（禁用=不跳过Reviewer）","duration":2,"failureMessages":[]}],"startTime":1782683903195,"endTime":1782683903314,"status":"passed","message":"","name":"C:/Users/super/Documents/trae_projects/AGG-main/packages/backend/src/agents/__tests__/full-chain-regression.test.ts"},{"assertionResults":[{"ancestorTitles":["","report_progress Hook"],"fullName":" report_progress Hook 应通过 broadcastToClient 广播 agent_progress 事件","status":"passed","title":"应通过 broadcastToClient 广播 agent_progress 事件","duration":4,"failureMessages":[]},{"ancestorTitles":["","report_progress Hook"],"fullName":" report_progress Hook payload 中不应包含 taskIndex（D8 决策）","status":"passed","title":"payload 中不应包含 taskIndex（D8 决策）","duration":0,"failureMessages":[]},{"ancestorTitles":["","report_progress Hook"],"fullName":" report_progress Hook progressContext 缺失时应跳过广播","status":"passed","title":"progressContext 缺失时应跳过广播","duration":1,"failureMessages":[]},{"ancestorTitles":["","report_progress Hook"],"fullName":" report_progress Hook 应包含 timestamp 字段","status":"passed","title":"应包含 timestamp 字段","duration":0,"failureMessages":[]},{"ancestorTitles":["","report_progress Hook"],"fullName":" report_progress Hook WS 广播失败时不应抛出异常","status":"passed","title":"WS 广播失败时不应抛出异常","duration":1,"failureMessages":[]},{"ancestorTitles":["","report_progress Hook"],"fullName":" report_progress Hook 应正确传递子Agent进度事件","status":"passed","title":"应正确传递子Agent进度事件","duration":0,"failureMessages":[]},{"ancestorTitles":["","report_progress Hook"],"fullName":" report_progress Hook 应使用 progressContext.broadcastClientId 作为广播目标","status":"passed","title":"应使用 progressContext.broadcastClientId 作为广播目标","duration":1,"failureMessages":[]}],"startTime":1782683912903,"endTime":1782683912910,"status":"passed","message":"","name":"C:/Users/super/Documents/trae_projects/AGG-main/packages/backend/src/agents/__tests__/progress-hook.test.ts"},{"assertionResults":[{"ancestorTitles":["","prompt option contract"],"fullName":" prompt option contract output prompt 的 options 示例应显式携带 npcId 与稳定 id","status":"passed","title":"output prompt 的 options 示例应显式携带 npcId 与稳定 id","duration":2,"failureMessages":[]},{"ancestorTitles":["","prompt option contract"],"fullName":" prompt option contract skill prompt 不应再把非对话后续动作写进 options 示例","status":"passed","title":"skill prompt 不应再把非对话后续动作写进 options 示例","duration":0,"failureMessages":[]},{"ancestorTitles":["","prompt option contract"],"fullName":" prompt option contract story master plan prompt 应只承载初始化主线蓝图生成","status":"passed","title":"story master plan prompt 应只承载初始化主线蓝图生成","duration":1,"failureMessages":[]},{"ancestorTitles":["","prompt option contract"],"fullName":" prompt option contract story orchestration prompt 应只生成 StoryDirective 并保持 dialogue 为 Layer 3 焦点约束","status":"passed","title":"story orchestration prompt 应只生成 StoryDirective 并保持 dialogue 为 Layer 3 焦点约束","duration":1,"failureMessages":[]},{"ancestorTitles":["","prompt option contract"],"fullName":" prompt option contract story review and record prompt 应输出 UnifiedPostReviewDecision 并覆盖记录裁决","status":"passed","title":"story review and record prompt 应输出 UnifiedPostReviewDecision 并覆盖记录裁决","duration":1,"failureMessages":[]},{"ancestorTitles":["","prompt option contract"],"fullName":" prompt option contract 旧 story prompt 和 dialogue prompt 已删除（合并到 gamemaster/output）","status":"passed","title":"旧 story prompt 和 dialogue prompt 已删除（合并到 gamemaster/output）","duration":1,"failureMessages":[]}],"startTime":1782683919133,"endTime":1782683919139,"status":"passed","message":"","name":"C:/Users/super/Documents/trae_projects/AGG-main/packages/backend/src/agents/__tests__/prompt-option-contract.test.ts"},{"assertionResults":[{"ancestorTitles":["","AgentRuntime hook runtime"],"fullName":" AgentRuntime hook runtime getPromptAgentConfig 应返回真实 agent tools、maxIterations 与 toolBudget","status":"passed","title":"getPromptAgentConfig 应返回真实 agent tools、maxIterations 与 toolBudget","duration":5,"failureMessages":[]},{"ancestorTitles":["","AgentRuntime hook runtime"],"fullName":" AgentRuntime hook runtime applyToolExposePatch 应写回 toolExposureTrace 与裁剪后的 allowedFunctionNames","status":"passed","title":"applyToolExposePatch 应写回 toolExposureTrace 与裁剪后的 allowedFunctionNames","duration":1,"failureMessages":[]},{"ancestorTitles":["","AgentRuntime hook runtime"],"fullName":" AgentRuntime hook runtime before_prompt_build 和 before_tool_expose patch 应影响 PromptContext 与 ReAct context","status":"passed","title":"before_prompt_build 和 before_tool_expose patch 应影响 PromptContext 与 ReAct context","duration":9,"failureMessages":[]},{"ancestorTitles":["","AgentRuntime hook runtime"],"fullName":" AgentRuntime hook runtime before_tool_call patch 应支持参数归一","status":"passed","title":"before_tool_call patch 应支持参数归一","duration":5,"failureMessages":[]},{"ancestorTitles":["","AgentRuntime hook runtime"],"fullName":" AgentRuntime hook runtime before_tool_call patch 应支持只读 veto","status":"passed","title":"before_tool_call patch 应支持只读 veto","duration":3,"failureMessages":[]},{"ancestorTitles":["","AgentRuntime hook runtime"],"fullName":" AgentRuntime hook runtime after_tool_call patch 应支持结果补丁与 emittedEvents","status":"passed","title":"after_tool_call patch 应支持结果补丁与 emittedEvents","duration":2,"failureMessages":[]},{"ancestorTitles":["","AgentRuntime hook runtime"],"fullName":" AgentRuntime hook runtime after_tool_call 部分 patch 应保留原始 success 与审计字段","status":"passed","title":"after_tool_call 部分 patch 应保留原始 success 与审计字段","duration":2,"failureMessages":[]},{"ancestorTitles":["","AgentRuntime hook runtime"],"fullName":" AgentRuntime hook runtime before_tool_call emittedEvents 应保留到工具调用轨迹","status":"passed","title":"before_tool_call emittedEvents 应保留到工具调用轨迹","duration":2,"failureMessages":[]},{"ancestorTitles":["","AgentRuntime hook runtime"],"fullName":" AgentRuntime hook runtime autoLoadOnFirstUse 找不到帮助正文时不应扣减预算且应继续执行真实工具调用","status":"passed","title":"autoLoadOnFirstUse 找不到帮助正文时不应扣减预算且应继续执行真实工具调用","duration":6,"failureMessages":[]},{"ancestorTitles":["","AgentRuntime hook runtime"],"fullName":" AgentRuntime hook runtime maxOnDemandLoadsPerTurn 应在每轮 ReAct 决策前重置，而不是整次请求累计","status":"passed","title":"maxOnDemandLoadsPerTurn 应在每轮 ReAct 决策前重置，而不是整次请求累计","duration":4,"failureMessages":[]},{"ancestorTitles":["","AgentRuntime hook runtime"],"fullName":" AgentRuntime hook runtime after_agent_fail 应返回 recovery plan 并驱动稳定模型重试","status":"passed","title":"after_agent_fail 应返回 recovery plan 并驱动稳定模型重试","duration":3,"failureMessages":[]},{"ancestorTitles":["","AgentRuntime hook runtime"],"fullName":" AgentRuntime hook runtime 请求级副本应用 hookPolicies 不应回写原始 Agent 配置","status":"passed","title":"请求级副本应用 hookPolicies 不应回写原始 Agent 配置","duration":2,"failureMessages":[]},{"ancestorTitles":["","AgentRuntime hook runtime"],"fullName":" AgentRuntime hook runtime applyHookPolicies 后已注册的自定义 Hook 仍应保留","status":"passed","title":"applyHookPolicies 后已注册的自定义 Hook 仍应保留","duration":3,"failureMessages":[]},{"ancestorTitles":["","AgentRuntime hook runtime"],"fullName":" AgentRuntime hook runtime after_agent_fail 返回 fallback_agent 时应转换为结构化保守回复","status":"passed","title":"after_agent_fail 返回 fallback_agent 时应转换为结构化保守回复","duration":2,"failureMessages":[]},{"ancestorTitles":["","AgentRuntime hook runtime"],"fullName":" AgentRuntime hook runtime after_agent_fail 返回 explain_only 时应输出解释而不再抛错","status":"passed","title":"after_agent_fail 返回 explain_only 时应输出解释而不再抛错","duration":2,"failureMessages":
[...]
er addLayer returns this for chaining","status":"passed","title":"addLayer returns this for chaining","duration":1,"failureMessages":[]},{"ancestorTitles":["","SystemPromptComposer"],"fullName":" SystemPromptComposer removeLayer removes layer by name","status":"passed","title":"removeLayer removes layer by name","duration":1,"failureMessages":[]},{"ancestorTitles":["","SystemPromptComposer"],"fullName":" SystemPromptComposer re-sorts after addLayer (dirty flag)","status":"passed","title":"re-sorts after addLayer (dirty flag)","duration":1,"failureMessages":[]},{"ancestorTitles":["","SystemPromptComposer"],"fullName":" SystemPromptComposer handles empty layers list (returns empty content)","status":"passed","title":"handles empty layers list (returns empty content)","duration":0,"failureMessages":[]},{"ancestorTitles":["","SystemPromptComposer"],"fullName":" SystemPromptComposer returns layer trace data with names and token counts","status":"passed","title":"returns layer trace data with names and token counts","duration":4,"failureMessages":[]},{"ancestorTitles":["","UserPromptComposer"],"fullName":" UserPromptComposer prepends action type when action is present and not unknown","status":"passed","title":"prepends action type when action is present and not unknown","duration":1,"failureMessages":[]},{"ancestorTitles":["","UserPromptComposer"],"fullName":" UserPromptComposer does not prepend action type when action is unknown","status":"passed","title":"does not prepend action type when action is unknown","duration":0,"failureMessages":[]},{"ancestorTitles":["","UserPromptComposer"],"fullName":" UserPromptComposer does not prepend action type when action is undefined","status":"passed","title":"does not prepend action type when action is undefined","duration":0,"failureMessages":[]},{"ancestorTitles":["","UserPromptComposer"],"fullName":" UserPromptComposer does not prepend action type when payload is undefined","status":"passed","title":"does not prepend action type when payload is undefined","duration":0,"failureMessages":[]},{"ancestorTitles":["","UserPromptComposer"],"fullName":" UserPromptComposer concatenates block outputs with single newlines","status":"passed","title":"concatenates block outputs with single newlines","duration":0,"failureMessages":[]},{"ancestorTitles":["","UserPromptComposer"],"fullName":" UserPromptComposer skips blocks that return null","status":"passed","title":"skips blocks that return null","duration":0,"failureMessages":[]},{"ancestorTitles":["","UserPromptComposer"],"fullName":" UserPromptComposer returns fallback format when no blocks produce content and no action","status":"passed","title":"returns fallback format when no blocks produce content and no action","duration":0,"failureMessages":[]},{"ancestorTitles":["","UserPromptComposer"],"fullName":" UserPromptComposer addBlock returns this for chaining","status":"passed","title":"addBlock returns this for chaining","duration":0,"failureMessages":[]},{"ancestorTitles":["","UserPromptComposer"],"fullName":" UserPromptComposer removeBlock removes block by name","status":"passed","title":"removeBlock removes block by name","duration":1,"failureMessages":[]},{"ancestorTitles":["","UserPromptComposer"],"fullName":" UserPromptComposer returns block trace data with names and content","status":"passed","title":"returns block trace data with names and content","duration":0,"failureMessages":[]},{"ancestorTitles":["","PromptModule"],"fullName":" PromptModule builds system prompt from all layers","status":"passed","title":"builds system prompt from all layers","duration":118,"failureMessages":[]},{"ancestorTitles":["","PromptModule"],"fullName":" PromptModule builds user prompt from all blocks","status":"passed","title":"builds user prompt from all blocks","duration":242,"failureMessages":[]},{"ancestorTitles":["","PromptModule"],"fullName":" PromptModule builds apiTools from ToolSet","status":"passed","title":"builds apiTools from ToolSet","duration":197,"failureMessages":[]},{"ancestorTitles":["","PromptModule"],"fullName":" PromptModule visible tools 被预算裁成 0 时不应回退成伪造的 toolVisibilityTrace","status":"passed","title":"visible tools 被预算裁成 0 时不应回退成伪造的 toolVisibilityTrace","duration":92,"failureMessages":[]},{"ancestorTitles":["","PromptModule"],"fullName":" PromptModule exposes systemLayers and userBlocks getters","status":"passed","title":"exposes systemLayers and userBlocks getters","duration":5,"failureMessages":[]},{"ancestorTitles":["","PromptModule"],"fullName":" PromptModule constructor creates default layer chain","status":"passed","title":"constructor creates default layer chain","duration":8,"failureMessages":[]},{"ancestorTitles":["","PromptModule"],"fullName":" PromptModule constructor creates default block chain (task, context)","status":"passed","title":"constructor creates default block chain (task, context)","duration":5,"failureMessages":[]}],"startTime":1782683907860,"endTime":1782683908543,"status":"passed","message":"","name":"C:/Users/super/Documents/trae_projects/AGG-main/packages/backend/src/services/prompt/__tests__/composers.test.ts"},{"assertionResults":[{"ancestorTitles":["","EntityGraphLayer — drive 注入去重"],"fullName":" EntityGraphLayer — drive 注入去重 NPC 节点不包含 <drive> 标签（驱动力由 DriveLayer 统一注入）","status":"passed","title":"NPC 节点不包含 <drive> 标签（驱动力由 DriveLayer 统一注入）","duration":4,"failureMessages":[]},{"ancestorTitles":["","EntityGraphLayer — drive 注入去重"],"fullName":" EntityGraphLayer — drive 注入去重 非对话目标 NPC 也不包含 <drive> 标签","status":"passed","title":"非对话目标 NPC 也不包含 <drive> 标签","duration":2,"failureMessages":[]},{"ancestorTitles":["","EntityGraphLayer — drive 注入去重"],"fullName":" EntityGraphLayer — drive 注入去重 output agent 路径也不包含 <drive> 标签","status":"passed","title":"output agent 路径也不包含 <drive> 标签","duration":2,"failureMessages":[]}],"startTime":1782683917839,"endTime":1782683917847,"status":"passed","message":"","name":"C:/Users/super/Documents/trae_projects/AGG-main/packages/backend/src/services/prompt/__tests__/entity-graph-drive-dedup.test.ts"},{"assertionResults":[{"ancestorTitles":["","RulesLayer rule injection (intentHint-based)"],"fullName":" RulesLayer rule injection (intentHint-based) alwaysApply 规则对所有 Agent 生效","status":"passed","title":"alwaysApply 规则对所有 Agent 生效","duration":143,"failureMessages":[]},{"ancestorTitles":["","RulesLayer rule injection (intentHint-based)"],"fullName":" RulesLayer rule injection (intentHint-based) hooked 规则在 intentHint 匹配时注入","status":"passed","title":"hooked 规则在 intentHint 匹配时注入","duration":113,"failureMessages":[]},{"ancestorTitles":["","RulesLayer rule injection (intentHint-based)"],"fullName":" RulesLayer rule injection (intentHint-based) hooked 规则在 intentHint 不匹配时不注入","status":"passed","title":"hooked 规则在 intentHint 不匹配时不注入","duration":92,"failureMessages":[]},{"ancestorTitles":["","RulesLayer rule injection (intentHint-based)"],"fullName":" RulesLayer rule injection (intentHint-based) gamemaster 专属 alwaysApply 规则只对 gamemaster 生效","status":"passed","title":"gamemaster 专属 alwaysApply 规则只对 gamemaster 生效","duration":106,"failureMessages":[]},{"ancestorTitles":["","RulesLayer rule injection (intentHint-based)"],"fullName":" RulesLayer rule injection (intentHint-based) 多个 Agent 的 alwaysApply 规则均可加载","status":"passed","title":"多个 Agent 的 alwaysApply 规则均可加载","duration":77,"failureMessages":[]},{"ancestorTitles":["","RulesLayer rule injection (intentHint-based)"],"fullName":" RulesLayer rule injection (intentHint-based) initialize 和 chat 的规则注入不同","status":"passed","title":"initialize 和 chat 的规则注入不同","duration":139,"failureMessages":[]},{"ancestorTitles":["","RulesLayer rule injection (intentHint-based)"],"fullName":" RulesLayer rule injection (intentHint-based) 当无 intentHint 时只注入 alwaysApply 规则","status":"passed","title":"当无 intentHint 时只注入 alwaysApply 规则","duration":171,"failureMessages":[]},{"ancestorTitles":["","RulesLayer rule injection (intentHint-based)"],"fullName":" RulesLayer rule injection (intentHint-based) action=ui_interaction + intentHint=initialize 时触发 init-convergence","status":"passed","title":"action=ui_interaction + intentHint=initialize 时触发 init-convergence","duration":115,"failureMessages":[]},{"ancestorTitles":["","intentHint and action separation"],"fullName":" intentHint and action separation intentHint=initialize 优先于 action 判断初始化模式","status":"passed","title":"intentHint=initialize 优先于 action 判断初始化模式","duration":146,"failureMessages":[]},{"ancestorTitles":["","intentHint and action separation"],"fullName":" intentHint and action separation intentHint=dialogue 时注入 dialogue-rules hooked 规则","status":"passed","title":"intentHint=dialogue 时注入 dialogue-rules hooked 规则","duration":142,"failureMessages":[]}],"startTime":1782683908213,"endTime":1782683909459,"status":"passed","message":"","name":"C:/Users/super/Documents/trae_projects/AGG-main/packages/backend/src/services/prompt/__tests__/init-mode.test.ts"},{"assertionResults":[{"ancestorTitles":["","LanguageLayer"],"fullName":" LanguageLayer returns null content when language is null","status":"passed","title":"returns null content when language is null","duration":3,"failureMessages":[]},{"ancestorTitles":["","LanguageLayer"],"fullName":" LanguageLayer returns null content when language is undefined","status":"passed","title":"returns null content when language is undefined","duration":0,"failureMessages":[]},{"ancestorTitles":["","LanguageLayer"],"fullName":" LanguageLayer generates language instruction for zh-CN","status":"passed","title":"generates language instruction for zh-CN","duration":0,"failureMessages":[]},{"ancestorTitles":["","LanguageLayer"],"fullName":" LanguageLayer generates language instruction for en-US","status":"passed","title":"generates language instruction for en-US","duration":1,"failureMessages":[]},{"ancestorTitles":["","LanguageLayer"],"fullName":" LanguageLayer uses raw language code as name for unknown codes","status":"passed","title":"uses raw language code as name for unknown codes","duration":1,"failureMessages":[]},{"ancestorTitles":["","LanguageLayer"],"fullName":" LanguageLayer has correct name and order","status":"passed","title":"has correct name and order","duration":0,"failureMessages":[]},{"ancestorTitles":["","TemplateContextLayer"],"fullName":" TemplateContextLayer returns null content when templateContext is null","status":"passed","title":"returns null content when templateContext is null","duration":1,"failureMessages":[]},{"ancestorTitles":["","TemplateContextLayer"],"fullName":" TemplateContextLayer returns null content when templateContext is undefined","status":"passed","title":"returns null content when templateContext is undefined","duration":0,"failureMessages":[]},{"ancestorTitles":["","TemplateContextLayer"],"fullName":" TemplateContextLayer generates world setting section with templateContext","status":"passed","title":"generates world setting section with templateContext","duration":0,"failureMessages":[]},{"ancestorTitles":["","TemplateContextLayer"],"fullName":" TemplateContextLayer includes templateId in metadata when provided","status":"passed","title":"includes templateId in metadata when provided","duration":0,"failureMessages":[]},{"ancestorTitles":["","TemplateContextLayer"],"fullName":" TemplateContextLayer has correct name and order","status":"passed","title":"has correct name and order","duration":0,"failureMessages":[]}],"startTime":1782683917061,"endTime":1782683917067,"status":"passed","message":"","name":"C:/Users/super/Documents/trae_projects/AGG-main/packages/backend/src/services/prompt/__tests__/pure-layers.test.ts"},{"assertionResults":[{"ancestorTitles":["","TemplateLoader"],"fullName":" TemplateLoader loads a file that exists","status":"passed","title":"loads a file that exists","duration":10,"failureMessages":[]},{"ancestorTitles":["","TemplateLoader"],"fullName":" TemplateLoader caches loaded file (second call returns same underlying promise)","status":"passed","title":"caches loaded file (second call returns same underlying promise)","duration":10,"failureMessages":[]},{"ancestorTitles":["","TemplateLoader"],"fullName":" TemplateLoader throws when loading a file that does not exist","status":"passed","title":"throws when loading a file that does not exist","duration":4,"failureMessages":[]},{"ancestorTitles":["","TemplateLoader"],"fullName":" TemplateLoader loadIfExists returns null for non-existent file","status":"passed","title":"loadIfExists returns null for non-existent file","duration":5,"failureMessages":[]},{"ancestorTitles":["","TemplateLoader"],"fullName":" TemplateLoader loadIfExists returns content for existing file","status":"passed","title":"loadIfExists returns content for existing file","duration":7,"failureMessages":[]},{"ancestorTitles":["","TemplateLoader"],"fullName":" TemplateLoader clearCache clears the cache","status":"passed","title":"clearCache clears the cache","duration":8,"failureMessages":[]},{"ancestorTitles":["","BaseTemplateLayer"],"fullName":" BaseTemplateLayer has correct name and order","status":"passed","title":"has correct name and order","duration":0,"failureMessages":[]},{"ancestorTitles":["","BaseTemplateLayer"],"fullName":" BaseTemplateLayer loads template file based on agentKey","status":"passed","title":"loads template file based on agentKey","duration":3,"failureMessages":[]},{"ancestorTitles":["","BaseTemplateLayer"],"fullName":" BaseTemplateLayer delegates to TemplateLoader.load with correct filename","status":"passed","title":"delegates to TemplateLoader.load with correct filename","duration":0,"failureMessages":[]}],"startTime":1782683916930,"endTime":1782683916977,"status":"passed","message":"","name":"C:/Users/super/Documents/trae_projects/AGG-main/packages/backend/src/services/prompt/__tests__/template-layers.test.ts"},{"assertionResults":[{"ancestorTitles":["","TASK_FIELDS storyDirective todoList format"],"fullName":" TASK_FIELDS storyDirective todoList format 包含 todoList 时输出任务清单段","status":"passed","title":"包含 todoList 时输出任务清单段","duration":1,"failureMessages":[]},{"ancestorTitles":["","TASK_FIELDS storyDirective todoList format"],"fullName":" TASK_FIELDS storyDirective todoList format todoList 为空数组时不输出任务清单段","status":"passed","title":"todoList 为空数组时不输出任务清单段","duration":0,"failureMessages":[]},{"ancestorTitles":["","TASK_FIELDS storyDirective todoList format"],"fullName":" TASK_FIELDS storyDirective todoList format 无 todoList 字段时不输出任务清单段","status":"passed","title":"无 todoList 字段时不输出任务清单段","duration":0,"failureMessages":[]},{"ancestorTitles":["","TASK_FIELDS storyDirective todoList format"],"fullName":" TASK_FIELDS storyDirective todoList format todoList 单项时正确编号","status":"passed","title":"todoList 单项时正确编号","duration":0,"failureMessages":[]}],"startTime":1782683920097,"endTime":1782683920098,"status":"passed","message":"","name":"C:/Users/super/Documents/trae_projects/AGG-main/packages/backend/src/services/prompt/__tests__/todolist-format.test.ts"},{"assertionResults":[{"ancestorTitles":["","ToolSet.filterVisibleMethods"],"fullName":" ToolSet.filterVisibleMethods returns empty map when no tools available","status":"passed","title":"returns empty map when no tools available","duration":2,"failureMessages":[]},{"ancestorTitles":["","ToolSet.filterVisibleMethods"],"fullName":" ToolSet.filterVisibleMethods includes read methods by default","status":"passed","title":"includes read methods by default","duration":0,"failureMessages":[]},{"ancestorTitles":["","ToolSet.filterVisibleMethods"],"fullName":" ToolSet.filterVisibleMethods excludes write methods for tools not in writableTools","status":"passed","title":"excludes write methods for tools not in writableTools","duration":0,"failureMessages":[]},{"ancestorTitles":["","ToolSet.filterVisibleMethods"],"fullName":" ToolSet.filterVisibleMethods includes write methods for tools in writableTools","status":"passed","title":"includes write methods for tools in writableTools","duration":1,"failureMessages":[]},{"ancestorTitles":["","ToolSet.filterVisibleMethods"],"fullName":" ToolSet.filterVisibleMethods excludes methods in excludedMethods list","status":"passed","title":"excludes methods in excludedMethods list","duration":0,"failureMessages":[]},{"ancestorTitles":["","ToolSet.filterVisibleMethods"],"fullName":" ToolSet.filterVisibleMethods filters by both writableTools and excludedMethods","status":"passed","title":"filters by both writableTools and excludedMethods","duration":1,"failureMessages":[]},{"ancestorTitles":["","ToolSet.build"],"fullName":" ToolSet.build returns empty apiTools and allowedFunctionNames when no visible methods","status":"passed","title":"returns empty apiTools and allowedFunctionNames when no visible methods","duration":1,"failureMessages":[]},{"ancestorTitles":["","ToolSet.build"],"fullName":" ToolSet.build builds apiTools with correct function names (toolType__methodName)","status":"passed","title":"builds apiTools with correct function names (toolType__methodName)","duration":1,"failureMessages":[]},{"ancestorTitles":["","ToolSet.build"],"fullName":" ToolSet.build builds allowedFunctionNames matching apiTools","status":"passed","title":"builds allowedFunctionNames matching apiTools","duration":0,"failureMessages":[]},{"ancestorTitles":["","ToolSet.build"],"fullName":" ToolSet.build returns visibleMethods from filterVisibleMethods","status":"passed","title":"returns visibleMethods from filterVisibleMethods","duration":1,"failureMessages":[]},{"ancestorTitles":["","ToolSet.build"],"fullName":" ToolSet.build maxVisibleTools 应按工具数而不是方法数裁剪，同一工具的多个方法应一起保留","status":"passed","title":"maxVisibleTools 应按工具数而不是方法数裁剪，同一工具的多个方法应一起保留","duration":2,"failureMessages":[]},{"ancestorTitles":["","ToolSet.build"],"fullName":" ToolSet.build maxVisibleHelpDocs 应裁剪非基础设施方法的模型可见面","status":"passed","title":"maxVisibleHelpDocs 应裁剪非基础设施方法的模型可见面","duration":2,"failureMessages":[]},{"ancestorTitles":["","ToolSet.build"],"fullName":" ToolSet.build maxVisibleHelpDocs=0 应把非基础设施方法全部延迟，usedVisibleTools 不高估","status":"passed","title":"maxVisibleHelpDocs=0 应把非基础设施方法全部延迟，usedVisibleTools 不高估","duration":1,"failureMessages":[]},{"ancestorTitles":["","ToolSet.build"],"fullName":" ToolSet.build 延迟发现基础设施工具不应被 maxVisibleTools 预算裁掉","status":"passed","title":"延迟发现基础设施工具不应被 maxVisibleTools 预算裁掉","duration":1,"failureMessages":[]}],"startTime":1782683903170,"endTime":1782683903183,"status":"passed","message":"","name":"C:/Users/super/Documents/trae_projects/AGG-main/packages/backend/src/services/prompt/__tests__/tool-set.test.ts"},{"assertionResults":[{"ancestorTitles":["","TemplateRuleParser.fromSaveId — 死代码路径清理"],"fullName":" TemplateRuleParser.fromSaveId — 死代码路径清理 从 raw_content 解析模板规则","status":"passed","title":"从 raw_content 解析模板规则","duration":6,"failureMessages":[]},{"ancestorTitles":["","TemplateRuleParser.fromSaveId — 死代码路径清理"],"fullName":" TemplateRuleParser.fromSaveId — 死代码路径清理 不依赖 game_rules/character_creation/special_rules 列","status":"passed","title":"不依赖 game_rules/character_creation/special_rules 列","duration":1,"failureMessages":[]},{"ancestorTitles":["","TemplateRuleParser.fromSaveId — 死代码路径清理"],"fullName":" TemplateRuleParser.fromSaveId — 死代码路径清理 raw_content 为空时使用默认值","status":"passed","title":"raw_content 为空时使用默认值","duration":1,"failureMessages":[]},{"ancestorTitles":["","TemplateRuleParser.fromSaveId — 死代码路径清理"],"fullName":" TemplateRuleParser.fromSaveId — 死代码路径清理 saveId 无 template_id 时返回空解析器","status":"passed","title":"saveId 无 template_id 时返回空解析器","duration":0,"failureMessages":[]},{"ancestorTitles":["","TemplateRuleParser.fromSaveId — 死代码路径清理"],"fullName":" TemplateRuleParser.fromSaveId — 死代码路径清理 raw_content 解析失败时使用默认值","status":"passed","title":"raw_content 解析失败时使用默认值","duration":2,"failureMessages":[]}],"startTime":1782683917314,"endTime":1782683917324,"status":"passed","message":"","name":"C:/Users/super/Documents/trae_projects/AGG-main/packages/backend/src/game-systems/shared/rule-parser/__tests__/TemplateRuleParser-fromSaveId.test.ts"}]}